#! /usr/local/Cellar/icarus-verilog/11.0/bin/vvp
:ivl_version "11.0 (stable)";
:ivl_delay_selection "TYPICAL";
:vpi_time_precision + 0;
:vpi_module "/usr/local/Cellar/icarus-verilog/11.0/lib/ivl/system.vpi";
:vpi_module "/usr/local/Cellar/icarus-verilog/11.0/lib/ivl/vhdl_sys.vpi";
:vpi_module "/usr/local/Cellar/icarus-verilog/11.0/lib/ivl/vhdl_textio.vpi";
:vpi_module "/usr/local/Cellar/icarus-verilog/11.0/lib/ivl/v2005_math.vpi";
:vpi_module "/usr/local/Cellar/icarus-verilog/11.0/lib/ivl/va_math.vpi";
S_0x7f8386775990 .scope module, "TestBench" "TestBench" 2 3;
 .timescale 0 0;
P_0x7f8386734d70 .param/l "num_cycles" 0 2 10, +C4<00000000000000000000000001000000>;
v0x7f83867bb190_0 .var "Clk", 0 0;
v0x7f83867bb2a0_0 .var "Reset", 0 0;
v0x7f83867bb330_0 .var "Start", 0 0;
v0x7f83867bb3c0_0 .var/i "counter", 31 0;
v0x7f83867bb450_0 .var/i "flush", 31 0;
v0x7f83867bb520_0 .var/i "i", 31 0;
v0x7f83867bb5d0_0 .var/i "outfile", 31 0;
v0x7f83867bb680_0 .var/i "stall", 31 0;
S_0x7f8386772b30 .scope module, "CPU" "CPU" 2 14, 3 7 0, S_0x7f8386775990;
 .timescale 0 0;
    .port_info 0 /INPUT 1 "clk_i";
    .port_info 1 /INPUT 1 "rst_i";
    .port_info 2 /INPUT 1 "start_i";
L_0x7f83867bc250 .functor OR 1, L_0x7f83867bc050, L_0x7f83867bc130, C4<0>, C4<0>;
L_0x7f83867bc9a0 .functor OR 1, L_0x7f83867bc770, L_0x7f83867bc890, C4<0>, C4<0>;
v0x7f83867b6a40_0 .net "ALU_RS1", 31 0, L_0x7f83867c4380;  1 drivers
v0x7f83867b6b30_0 .net "ALU_RS2", 31 0, L_0x7f83867c4880;  1 drivers
v0x7f83867b6c00_0 .net "ALU_o", 31 0, v0x7f83867a3890_0;  1 drivers
v0x7f83867b6c90_0 .net "AluControl_o", 2 0, v0x7f83867a9d70_0;  1 drivers
v0x7f83867b6d60_0 .net "AluOp", 1 0, L_0x7f83867c1860;  1 drivers
v0x7f83867b6e30_0 .net "AluSrc", 0 0, L_0x7f83867c1150;  1 drivers
v0x7f83867b6ec0_0 .net "Branch", 0 0, L_0x7f83867bf100;  1 drivers
v0x7f83867b6f70_0 .var "EX_MEM_ALUout", 31 0;
v0x7f83867b7000_0 .var "EX_MEM_Branch", 0 0;
v0x7f83867b7110_0 .var "EX_MEM_MemRead", 0 0;
v0x7f83867b71c0_0 .var "EX_MEM_MemWrite", 0 0;
v0x7f83867b7250_0 .var "EX_MEM_MemtoReg", 0 0;
v0x7f83867b72e0_0 .var "EX_MEM_RD", 4 0;
v0x7f83867b7370_0 .var "EX_MEM_RegWrite", 0 0;
v0x7f83867b7420_0 .var "EX_MEM_WriteData", 31 0;
v0x7f83867b74d0_0 .var "ID_EX_AluOp", 1 0;
v0x7f83867b7580_0 .var "ID_EX_AluSrc", 0 0;
v0x7f83867b7730_0 .var "ID_EX_Branch", 0 0;
v0x7f83867b77c0_0 .var "ID_EX_IMM", 31 0;
v0x7f83867b7850_0 .var "ID_EX_MemRead", 0 0;
v0x7f83867b78e0_0 .var "ID_EX_MemWrite", 0 0;
v0x7f83867b7970_0 .var "ID_EX_MemtoReg", 0 0;
v0x7f83867b7a00_0 .var "ID_EX_PC", 31 0;
v0x7f83867b7a90_0 .var "ID_EX_RD", 4 0;
v0x7f83867b7b20_0 .var "ID_EX_RS1", 4 0;
v0x7f83867b7bd0_0 .var "ID_EX_RS1data", 31 0;
v0x7f83867b7c80_0 .var "ID_EX_RS2", 4 0;
v0x7f83867b7d30_0 .var "ID_EX_RS2data", 31 0;
v0x7f83867b7de0_0 .var "ID_EX_RegWrite", 0 0;
v0x7f83867b7e70_0 .var "ID_EX_func3", 2 0;
v0x7f83867b7f20_0 .var "ID_EX_func7", 6 0;
v0x7f83867b7fd0_0 .var "IF_ID_IR", 31 0;
v0x7f83867b8070_0 .var "IF_ID_PC", 31 0;
v0x7f83867b7630_0 .var "MEM_WB_ALUout", 31 0;
v0x7f83867b8300_0 .var "MEM_WB_MEMout", 31 0;
v0x7f83867b8390_0 .var "MEM_WB_MemtoReg", 0 0;
v0x7f83867b8440_0 .var "MEM_WB_RD", 4 0;
v0x7f83867b8510_0 .var "MEM_WB_RegWrite", 0 0;
v0x7f83867b85e0_0 .net "MemData_o", 31 0, L_0x7f83867c4fa0;  1 drivers
v0x7f83867b8670_0 .net "MemRead", 0 0, L_0x7f83867bf600;  1 drivers
v0x7f83867b8700_0 .net "MemWrite", 0 0, L_0x7f83867bfab0;  1 drivers
v0x7f83867b87b0_0 .net "MemtoReg", 0 0, L_0x7f83867c00c0;  1 drivers
v0x7f83867b8860_0 .net "NoOp", 0 0, v0x7f83867b1df0_0;  1 drivers
v0x7f83867b8930_0 .net "PcWrite", 0 0, v0x7f83867b1ec0_0;  1 drivers
v0x7f83867b8a00_0 .net "RegWrite", 0 0, L_0x7f83867c0a30;  1 drivers
v0x7f83867b8a90_0 .net "Stall", 0 0, v0x7f83867b1f50_0;  1 drivers
v0x7f83867b8b20_0 .net *"_ivl_10", 0 0, L_0x7f83867bc130;  1 drivers
v0x7f83867b8bb0_0 .net *"_ivl_13", 0 0, L_0x7f83867bc250;  1 drivers
L_0x7f83865731b8 .functor BUFT 1, C4<00000>, C4<0>, C4<0>, C4<0>;
v0x7f83867b8c40_0 .net/2u *"_ivl_14", 4 0, L_0x7f83865731b8;  1 drivers
v0x7f83867b8cd0_0 .net *"_ivl_17", 4 0, L_0x7f83867bc340;  1 drivers
L_0x7f8386573200 .functor BUFT 1, C4<0000011>, C4<0>, C4<0>, C4<0>;
v0x7f83867b8d60_0 .net/2u *"_ivl_24", 6 0, L_0x7f8386573200;  1 drivers
v0x7f83867b8e10_0 .net *"_ivl_26", 0 0, L_0x7f83867bc770;  1 drivers
L_0x7f8386573248 .functor BUFT 1, C4<0010011>, C4<0>, C4<0>, C4<0>;
v0x7f83867b8eb0_0 .net/2u *"_ivl_28", 6 0, L_0x7f8386573248;  1 drivers
v0x7f83867b8f60_0 .net *"_ivl_30", 0 0, L_0x7f83867bc890;  1 drivers
v0x7f83867b9000_0 .net *"_ivl_33", 0 0, L_0x7f83867bc9a0;  1 drivers
L_0x7f8386573290 .functor BUFT 1, C4<00000>, C4<0>, C4<0>, C4<0>;
v0x7f83867b90a0_0 .net/2u *"_ivl_34", 4 0, L_0x7f8386573290;  1 drivers
v0x7f83867b9150_0 .net *"_ivl_37", 4 0, L_0x7f83867bca70;  1 drivers
L_0x7f8386573128 .functor BUFT 1, C4<0100011>, C4<0>, C4<0>, C4<0>;
v0x7f83867b9200_0 .net/2u *"_ivl_4", 6 0, L_0x7f8386573128;  1 drivers
L_0x7f83865732d8 .functor BUFT 1, C4<0000011>, C4<0>, C4<0>, C4<0>;
v0x7f83867b92b0_0 .net/2u *"_ivl_42", 6 0, L_0x7f83865732d8;  1 drivers
v0x7f83867b9360_0 .net *"_ivl_44", 0 0, L_0x7f83867bcd30;  1 drivers
v0x7f83867b9400_0 .net *"_ivl_47", 11 0, L_0x7f83867bce80;  1 drivers
L_0x7f8386573320 .functor BUFT 1, C4<0100011>, C4<0>, C4<0>, C4<0>;
v0x7f83867b94b0_0 .net/2u *"_ivl_48", 6 0, L_0x7f8386573320;  1 drivers
v0x7f83867b9560_0 .net *"_ivl_50", 0 0, L_0x7f83867bcf20;  1 drivers
v0x7f83867b9600_0 .net *"_ivl_53", 6 0, L_0x7f83867bd100;  1 drivers
v0x7f83867b96b0_0 .net *"_ivl_55", 4 0, L_0x7f83867bd2a0;  1 drivers
v0x7f83867b8120_0 .net *"_ivl_56", 11 0, L_0x7f83867bd3d0;  1 drivers
L_0x7f8386573368 .functor BUFT 1, C4<1100011>, C4<0>, C4<0>, C4<0>;
v0x7f83867b81d0_0 .net/2u *"_ivl_58", 6 0, L_0x7f8386573368;  1 drivers
v0x7f83867b9740_0 .net *"_ivl_6", 0 0, L_0x7f83867bc050;  1 drivers
v0x7f83867b97d0_0 .net *"_ivl_60", 0 0, L_0x7f83867bd470;  1 drivers
v0x7f83867b9860_0 .net *"_ivl_63", 0 0, L_0x7f83867bd5b0;  1 drivers
v0x7f83867b98f0_0 .net *"_ivl_65", 0 0, L_0x7f83867bd650;  1 drivers
v0x7f83867b9980_0 .net *"_ivl_67", 5 0, L_0x7f83867bd510;  1 drivers
v0x7f83867b9a10_0 .net *"_ivl_69", 3 0, L_0x7f83867bd7a0;  1 drivers
v0x7f83867b9ac0_0 .net *"_ivl_70", 11 0, L_0x7f83867bd900;  1 drivers
L_0x7f83865733b0 .functor BUFT 1, C4<000>, C4<0>, C4<0>, C4<0>;
v0x7f83867b9b70_0 .net/2u *"_ivl_72", 2 0, L_0x7f83865733b0;  1 drivers
v0x7f83867b9c20_0 .net *"_ivl_74", 0 0, L_0x7f83867bd9e0;  1 drivers
v0x7f83867b9cc0_0 .net *"_ivl_77", 11 0, L_0x7f83867bdbd0;  1 drivers
v0x7f83867b9d70_0 .net *"_ivl_79", 4 0, L_0x7f83867bd840;  1 drivers
L_0x7f8386573170 .functor BUFT 1, C4<1100011>, C4<0>, C4<0>, C4<0>;
v0x7f83867b9e20_0 .net/2u *"_ivl_8", 6 0, L_0x7f8386573170;  1 drivers
v0x7f83867b9ed0_0 .net *"_ivl_80", 11 0, L_0x7f83867bdd50;  1 drivers
L_0x7f83865733f8 .functor BUFT 1, C4<0000000>, C4<0>, C4<0>, C4<0>;
v0x7f83867b9f80_0 .net *"_ivl_83", 6 0, L_0x7f83865733f8;  1 drivers
v0x7f83867ba030_0 .net *"_ivl_84", 11 0, L_0x7f83867bddf0;  1 drivers
v0x7f83867ba0e0_0 .net *"_ivl_86", 11 0, L_0x7f83867bdf80;  1 drivers
v0x7f83867ba190_0 .net *"_ivl_88", 11 0, L_0x7f83867be0a0;  1 drivers
v0x7f83867ba240_0 .net "clk_i", 0 0, v0x7f83867bb190_0;  1 drivers
v0x7f83867ba2d0_0 .net "func3", 2 0, L_0x7f83867bc5b0;  1 drivers
v0x7f83867ba380_0 .net "func7", 6 0, L_0x7f83867bcc90;  1 drivers
v0x7f83867ba430_0 .net "imm_i", 11 0, L_0x7f83867bded0;  1 drivers
v0x7f83867ba4f0_0 .net "imm_o", 31 0, L_0x7f83867c1c60;  1 drivers
v0x7f83867ba5a0_0 .net "instr", 31 0, L_0x7f83867bbe40;  1 drivers
v0x7f83867ba650_0 .net "mux_o", 31 0, L_0x7f83867c4ba0;  1 drivers
v0x7f83867ba720_0 .net "opcode", 6 0, L_0x7f83867bbf30;  1 drivers
v0x7f83867ba7c0_0 .net "pc_add4", 31 0, L_0x7f83867bb760;  1 drivers
v0x7f83867ba890_0 .net "pc_i", 31 0, L_0x7f83867bb9c0;  1 drivers
v0x7f83867ba970_0 .net "pc_o", 31 0, v0x7f83867b2e20_0;  1 drivers
v0x7f83867baa00_0 .net "rd_addr", 4 0, L_0x7f83867bc420;  1 drivers
v0x7f83867baaa0_0 .net "rs1_addr", 4 0, L_0x7f83867bc650;  1 drivers
v0x7f83867bab80_0 .net "rs1_ctrl", 1 0, L_0x7f83867c2eb0;  1 drivers
v0x7f83867bac50_0 .net "rs1_data", 31 0, L_0x7f83867be650;  1 drivers
v0x7f83867bace0_0 .net "rs2_addr", 4 0, L_0x7f83867bcb10;  1 drivers
v0x7f83867badb0_0 .net "rs2_ctrl", 1 0, L_0x7f83867c3ec0;  1 drivers
v0x7f83867bae80_0 .net "rs2_data", 31 0, L_0x7f83867becc0;  1 drivers
v0x7f83867baf10_0 .net "rst_i", 0 0, v0x7f83867bb2a0_0;  1 drivers
v0x7f83867bafa0_0 .net "start_i", 0 0, v0x7f83867bb330_0;  1 drivers
v0x7f83867bb050_0 .net "wb_data", 31 0, L_0x7f83867c5380;  1 drivers
L_0x7f83867bbf30 .part v0x7f83867b7fd0_0, 0, 7;
L_0x7f83867bc050 .cmp/eq 7, L_0x7f83867bbf30, L_0x7f8386573128;
L_0x7f83867bc130 .cmp/eq 7, L_0x7f83867bbf30, L_0x7f8386573170;
L_0x7f83867bc340 .part v0x7f83867b7fd0_0, 7, 5;
L_0x7f83867bc420 .functor MUXZ 5, L_0x7f83867bc340, L_0x7f83865731b8, L_0x7f83867bc250, C4<>;
L_0x7f83867bc5b0 .part v0x7f83867b7fd0_0, 12, 3;
L_0x7f83867bc650 .part v0x7f83867b7fd0_0, 15, 5;
L_0x7f83867bc770 .cmp/eq 7, L_0x7f83867bbf30, L_0x7f8386573200;
L_0x7f83867bc890 .cmp/eq 7, L_0x7f83867bbf30, L_0x7f8386573248;
L_0x7f83867bca70 .part v0x7f83867b7fd0_0, 20, 5;
L_0x7f83867bcb10 .functor MUXZ 5, L_0x7f83867bca70, L_0x7f8386573290, L_0x7f83867bc9a0, C4<>;
L_0x7f83867bcc90 .part v0x7f83867b7fd0_0, 25, 7;
L_0x7f83867bcd30 .cmp/eq 7, L_0x7f83867bbf30, L_0x7f83865732d8;
L_0x7f83867bce80 .part v0x7f83867b7fd0_0, 20, 12;
L_0x7f83867bcf20 .cmp/eq 7, L_0x7f83867bbf30, L_0x7f8386573320;
L_0x7f83867bd100 .part v0x7f83867b7fd0_0, 25, 7;
L_0x7f83867bd2a0 .part v0x7f83867b7fd0_0, 7, 5;
L_0x7f83867bd3d0 .concat [ 5 7 0 0], L_0x7f83867bd2a0, L_0x7f83867bd100;
L_0x7f83867bd470 .cmp/eq 7, L_0x7f83867bbf30, L_0x7f8386573368;
L_0x7f83867bd5b0 .part v0x7f83867b7fd0_0, 31, 1;
L_0x7f83867bd650 .part v0x7f83867b7fd0_0, 7, 1;
L_0x7f83867bd510 .part v0x7f83867b7fd0_0, 25, 6;
L_0x7f83867bd7a0 .part v0x7f83867b7fd0_0, 8, 4;
L_0x7f83867bd900 .concat [ 4 6 1 1], L_0x7f83867bd7a0, L_0x7f83867bd510, L_0x7f83867bd650, L_0x7f83867bd5b0;
L_0x7f83867bd9e0 .cmp/eq 3, L_0x7f83867bc5b0, L_0x7f83865733b0;
L_0x7f83867bdbd0 .part v0x7f83867b7fd0_0, 20, 12;
L_0x7f83867bd840 .part v0x7f83867b7fd0_0, 20, 5;
L_0x7f83867bdd50 .concat [ 5 7 0 0], L_0x7f83867bd840, L_0x7f83865733f8;
L_0x7f83867bddf0 .functor MUXZ 12, L_0x7f83867bdd50, L_0x7f83867bdbd0, L_0x7f83867bd9e0, C4<>;
L_0x7f83867bdf80 .functor MUXZ 12, L_0x7f83867bddf0, L_0x7f83867bd900, L_0x7f83867bd470, C4<>;
L_0x7f83867be0a0 .functor MUXZ 12, L_0x7f83867bdf80, L_0x7f83867bd3d0, L_0x7f83867bcf20, C4<>;
L_0x7f83867bded0 .functor MUXZ 12, L_0x7f83867be0a0, L_0x7f83867bce80, L_0x7f83867bcd30, C4<>;
S_0x7f8386771130 .scope module, "ALU" "ALU" 3 224, 4 10 0, S_0x7f8386772b30;
 .timescale 0 0;
    .port_info 0 /INPUT 32 "rs1_data";
    .port_info 1 /INPUT 32 "mux_o";
    .port_info 2 /INPUT 3 "AluControl";
    .port_info 3 /OUTPUT 32 "ALU_o";
v0x7f83867a3890_0 .var "ALU_o", 31 0;
v0x7f83867a9870_0 .net "AluControl", 2 0, v0x7f83867a9d70_0;  alias, 1 drivers
v0x7f83867a9920_0 .net/s "mux_o", 31 0, L_0x7f83867c4ba0;  alias, 1 drivers
v0x7f83867a99e0_0 .net/s "rs1_data", 31 0, L_0x7f83867c4380;  alias, 1 drivers
E_0x7f838679f460 .event edge, v0x7f83867a9870_0, v0x7f83867a99e0_0, v0x7f83867a9920_0;
S_0x7f83867a9af0 .scope module, "ALU_Control" "ALU_Control" 3 216, 5 10 0, S_0x7f8386772b30;
 .timescale 0 0;
    .port_info 0 /INPUT 3 "func3";
    .port_info 1 /INPUT 7 "func7";
    .port_info 2 /INPUT 2 "AluOp";
    .port_info 3 /OUTPUT 3 "AluControl_o";
v0x7f83867a9d70_0 .var "AluControl_o", 2 0;
v0x7f83867a9e40_0 .net "AluOp", 1 0, v0x7f83867b74d0_0;  1 drivers
v0x7f83867a9ee0_0 .net "func3", 2 0, v0x7f83867b7e70_0;  1 drivers
v0x7f83867a9fa0_0 .net "func7", 6 0, v0x7f83867b7f20_0;  1 drivers
E_0x7f83867a9d20 .event edge, v0x7f83867a9e40_0, v0x7f83867a9fa0_0, v0x7f83867a9ee0_0;
S_0x7f83867aa0b0 .scope module, "ALU_Src_Mux" "MUX32" 3 208, 6 1 0, S_0x7f8386772b30;
 .timescale 0 0;
    .port_info 0 /INPUT 32 "input0";
    .port_info 1 /INPUT 32 "input1";
    .port_info 2 /INPUT 1 "ctrl_signal";
    .port_info 3 /OUTPUT 32 "out";
v0x7f83867aa2f0_0 .net *"_ivl_0", 31 0, L_0x7f83867c4960;  1 drivers
L_0x7f8386574568 .functor BUFT 1, C4<0000000000000000000000000000000>, C4<0>, C4<0>, C4<0>;
v0x7f83867aa3a0_0 .net *"_ivl_3", 30 0, L_0x7f8386574568;  1 drivers
L_0x7f83865745b0 .functor BUFT 1, C4<00000000000000000000000000000000>, C4<0>, C4<0>, C4<0>;
v0x7f83867aa450_0 .net/2u *"_ivl_4", 31 0, L_0x7f83865745b0;  1 drivers
v0x7f83867aa510_0 .net *"_ivl_6", 0 0, L_0x7f83867c4a80;  1 drivers
v0x7f83867aa5b0_0 .net "ctrl_signal", 0 0, v0x7f83867b7580_0;  1 drivers
v0x7f83867aa690_0 .net "input0", 31 0, L_0x7f83867c4880;  alias, 1 drivers
v0x7f83867aa740_0 .net "input1", 31 0, v0x7f83867b77c0_0;  1 drivers
v0x7f83867aa7f0_0 .net "out", 31 0, L_0x7f83867c4ba0;  alias, 1 drivers
L_0x7f83867c4960 .concat [ 1 31 0 0], v0x7f83867b7580_0, L_0x7f8386574568;
L_0x7f83867c4a80 .cmp/eq 32, L_0x7f83867c4960, L_0x7f83865745b0;
L_0x7f83867c4ba0 .functor MUXZ 32, v0x7f83867b77c0_0, L_0x7f83867c4880, L_0x7f83867c4a80, C4<>;
S_0x7f83867aa8e0 .scope module, "Adder" "Adder" 3 25, 7 1 0, S_0x7f8386772b30;
 .timescale 0 0;
    .port_info 0 /INPUT 32 "pc_i";
    .port_info 1 /OUTPUT 32 "pc_o";
L_0x7f8386573008 .functor BUFT 1, C4<00000000000000000000000000000100>, C4<0>, C4<0>, C4<0>;
v0x7f83867aaae0_0 .net/2u *"_ivl_0", 31 0, L_0x7f8386573008;  1 drivers
v0x7f83867aaba0_0 .net "pc_i", 31 0, v0x7f83867b2e20_0;  alias, 1 drivers
v0x7f83867aac40_0 .net "pc_o", 31 0, L_0x7f83867bb760;  alias, 1 drivers
L_0x7f83867bb760 .arith/sum 32, v0x7f83867b2e20_0, L_0x7f8386573008;
S_0x7f83867aad20 .scope module, "Control" "Control" 3 109, 8 7 0, S_0x7f8386772b30;
 .timescale 0 0;
    .port_info 0 /INPUT 1 "NoOp";
    .port_info 1 /INPUT 7 "opcode";
    .port_info 2 /OUTPUT 2 "AluOp";
    .port_info 3 /OUTPUT 1 "AluSrc";
    .port_info 4 /OUTPUT 1 "RegWrite";
    .port_info 5 /OUTPUT 1 "MemtoReg";
    .port_info 6 /OUTPUT 1 "MemRead";
    .port_info 7 /OUTPUT 1 "MemWrite";
    .port_info 8 /OUTPUT 1 "Branch";
L_0x7f83867c03f0 .functor OR 1, L_0x7f83867c01e0, L_0x7f83867c0350, C4<0>, C4<0>;
L_0x7f83867c0740 .functor OR 1, L_0x7f83867c03f0, L_0x7f83867c04a0, C4<0>, C4<0>;
L_0x7f83867c0d10 .functor OR 1, L_0x7f83867c0b50, L_0x7f83867c0c30, C4<0>, C4<0>;
v0x7f83867ab050_0 .net "AluOp", 1 0, L_0x7f83867c1860;  alias, 1 drivers
v0x7f83867ab100_0 .net "AluSrc", 0 0, L_0x7f83867c1150;  alias, 1 drivers
v0x7f83867ab1a0_0 .net "Branch", 0 0, L_0x7f83867bf100;  alias, 1 drivers
v0x7f83867ab230_0 .net "MemRead", 0 0, L_0x7f83867bf600;  alias, 1 drivers
v0x7f83867ab2d0_0 .net "MemWrite", 0 0, L_0x7f83867bfab0;  alias, 1 drivers
v0x7f83867ab3b0_0 .net "MemtoReg", 0 0, L_0x7f83867c00c0;  alias, 1 drivers
v0x7f83867ab450_0 .net "NoOp", 0 0, v0x7f83867b1df0_0;  alias, 1 drivers
v0x7f83867ab4f0_0 .net "RegWrite", 0 0, L_0x7f83867c0a30;  alias, 1 drivers
L_0x7f83865734d0 .functor BUFT 1, C4<00>, C4<0>, C4<0>, C4<0>;
v0x7f83867ab590_0 .net/2s *"_ivl_0", 1 0, L_0x7f83865734d0;  1 drivers
v0x7f83867ab6a0_0 .net *"_ivl_10", 1 0, L_0x7f83867bee80;  1 drivers
v0x7f83867ab750_0 .net *"_ivl_100", 0 0, L_0x7f83867c0c30;  1 drivers
v0x7f83867ab7f0_0 .net *"_ivl_103", 0 0, L_0x7f83867c0d10;  1 drivers
L_0x7f8386573bd8 .functor BUFT 1, C4<00>, C4<0>, C4<0>, C4<0>;
v0x7f83867ab890_0 .net/2s *"_ivl_104", 1 0, L_0x7f8386573bd8;  1 drivers
L_0x7f8386573c20 .functor BUFT 1, C4<01>, C4<0>, C4<0>, C4<0>;
v0x7f83867ab940_0 .net/2s *"_ivl_106", 1 0, L_0x7f8386573c20;  1 drivers
v0x7f83867ab9f0_0 .net *"_ivl_108", 1 0, L_0x7f83867c0e00;  1 drivers
v0x7f83867abaa0_0 .net *"_ivl_110", 1 0, L_0x7f83867c0f70;  1 drivers
L_0x7f8386573c68 .functor BUFT 1, C4<000>, C4<0>, C4<0>, C4<0>;
v0x7f83867abb50_0 .net/2s *"_ivl_114", 2 0, L_0x7f8386573c68;  1 drivers
L_0x7f8386573cb0 .functor BUFT 1, C4<0110011>, C4<0>, C4<0>, C4<0>;
v0x7f83867abce0_0 .net/2u *"_ivl_116", 6 0, L_0x7f8386573cb0;  1 drivers
v0x7f83867abd70_0 .net *"_ivl_118", 0 0, L_0x7f83867c0ea0;  1 drivers
v0x7f83867abe10_0 .net *"_ivl_12", 1 0, L_0x7f83867befe0;  1 drivers
L_0x7f8386573cf8 .functor BUFT 1, C4<010>, C4<0>, C4<0>, C4<0>;
v0x7f83867abec0_0 .net/2s *"_ivl_120", 2 0, L_0x7f8386573cf8;  1 drivers
L_0x7f8386573d40 .functor BUFT 1, C4<1100011>, C4<0>, C4<0>, C4<0>;
v0x7f83867abf70_0 .net/2u *"_ivl_122", 6 0, L_0x7f8386573d40;  1 drivers
v0x7f83867ac020_0 .net *"_ivl_124", 0 0, L_0x7f83867c1350;  1 drivers
L_0x7f8386573d88 .functor BUFT 1, C4<001>, C4<0>, C4<0>, C4<0>;
v0x7f83867ac0c0_0 .net/2s *"_ivl_126", 2 0, L_0x7f8386573d88;  1 drivers
L_0x7f8386573dd0 .functor BUFT 1, C4<000>, C4<0>, C4<0>, C4<0>;
v0x7f83867ac170_0 .net/2s *"_ivl_128", 2 0, L_0x7f8386573dd0;  1 drivers
v0x7f83867ac220_0 .net *"_ivl_130", 2 0, L_0x7f83867c1230;  1 drivers
v0x7f83867ac2d0_0 .net *"_ivl_132", 2 0, L_0x7f83867c15a0;  1 drivers
v0x7f83867ac380_0 .net *"_ivl_134", 2 0, L_0x7f83867c1740;  1 drivers
L_0x7f83865735f0 .functor BUFT 1, C4<00>, C4<0>, C4<0>, C4<0>;
v0x7f83867ac430_0 .net/2s *"_ivl_16", 1 0, L_0x7f83865735f0;  1 drivers
L_0x7f8386573638 .functor BUFT 1, C4<0000011>, C4<0>, C4<0>, C4<0>;
v0x7f83867ac4e0_0 .net/2u *"_ivl_18", 6 0, L_0x7f8386573638;  1 drivers
L_0x7f8386573518 .functor BUFT 1, C4<1100011>, C4<0>, C4<0>, C4<0>;
v0x7f83867ac590_0 .net/2u *"_ivl_2", 6 0, L_0x7f8386573518;  1 drivers
v0x7f83867ac640_0 .net *"_ivl_20", 0 0, L_0x7f83867bf220;  1 drivers
L_0x7f8386573680 .functor BUFT 1, C4<01>, C4<0>, C4<0>, C4<0>;
v0x7f83867ac6e0_0 .net/2s *"_ivl_22", 1 0, L_0x7f8386573680;  1 drivers
L_0x7f83865736c8 .functor BUFT 1, C4<00>, C4<0>, C4<0>, C4<0>;
v0x7f83867abc00_0 .net/2s *"_ivl_24", 1 0, L_0x7f83865736c8;  1 drivers
v0x7f83867ac970_0 .net *"_ivl_26", 1 0, L_0x7f83867bf300;  1 drivers
v0x7f83867aca00_0 .net *"_ivl_28", 1 0, L_0x7f83867bf460;  1 drivers
L_0x7f8386573710 .functor BUFT 1, C4<00>, C4<0>, C4<0>, C4<0>;
v0x7f83867acaa0_0 .net/2s *"_ivl_32", 1 0, L_0x7f8386573710;  1 drivers
L_0x7f8386573758 .functor BUFT 1, C4<0100011>, C4<0>, C4<0>, C4<0>;
v0x7f83867acb50_0 .net/2u *"_ivl_34", 6 0, L_0x7f8386573758;  1 drivers
v0x7f83867acc00_0 .net *"_ivl_36", 0 0, L_0x7f83867bf720;  1 drivers
L_0x7f83865737a0 .functor BUFT 1, C4<01>, C4<0>, C4<0>, C4<0>;
v0x7f83867acca0_0 .net/2s *"_ivl_38", 1 0, L_0x7f83865737a0;  1 drivers
v0x7f83867acd50_0 .net *"_ivl_4", 0 0, L_0x7f83867beda0;  1 drivers
L_0x7f83865737e8 .functor BUFT 1, C4<00>, C4<0>, C4<0>, C4<0>;
v0x7f83867acdf0_0 .net/2s *"_ivl_40", 1 0, L_0x7f83865737e8;  1 drivers
v0x7f83867acea0_0 .net *"_ivl_42", 1 0, L_0x7f83867bf850;  1 drivers
v0x7f83867acf50_0 .net *"_ivl_44", 1 0, L_0x7f83867bf970;  1 drivers
L_0x7f8386573830 .functor BUFT 1, C4<00>, C4<0>, C4<0>, C4<0>;
v0x7f83867ad000_0 .net/2s *"_ivl_48", 1 0, L_0x7f8386573830;  1 drivers
L_0x7f8386573878 .functor BUFT 1, C4<0000011>, C4<0>, C4<0>, C4<0>;
v0x7f83867ad0b0_0 .net/2u *"_ivl_50", 6 0, L_0x7f8386573878;  1 drivers
v0x7f83867ad160_0 .net *"_ivl_52", 0 0, L_0x7f83867bfbd0;  1 drivers
L_0x7f83865738c0 .functor BUFT 1, C4<01>, C4<0>, C4<0>, C4<0>;
v0x7f83867ad200_0 .net/2s *"_ivl_54", 1 0, L_0x7f83865738c0;  1 drivers
L_0x7f8386573908 .functor BUFT 1, C4<00>, C4<0>, C4<0>, C4<0>;
v0x7f83867ad2b0_0 .net/2s *"_ivl_56", 1 0, L_0x7f8386573908;  1 drivers
v0x7f83867ad360_0 .net *"_ivl_58", 1 0, L_0x7f83867bebc0;  1 drivers
L_0x7f8386573560 .functor BUFT 1, C4<01>, C4<0>, C4<0>, C4<0>;
v0x7f83867ad410_0 .net/2s *"_ivl_6", 1 0, L_0x7f8386573560;  1 drivers
v0x7f83867ad4c0_0 .net *"_ivl_60", 1 0, L_0x7f83867bff60;  1 drivers
L_0x7f8386573950 .functor BUFT 1, C4<00>, C4<0>, C4<0>, C4<0>;
v0x7f83867ad570_0 .net/2s *"_ivl_64", 1 0, L_0x7f8386573950;  1 drivers
L_0x7f8386573998 .functor BUFT 1, C4<0110011>, C4<0>, C4<0>, C4<0>;
v0x7f83867ad620_0 .net/2u *"_ivl_66", 6 0, L_0x7f8386573998;  1 drivers
v0x7f83867ad6d0_0 .net *"_ivl_68", 0 0, L_0x7f83867c01e0;  1 drivers
L_0x7f83865739e0 .functor BUFT 1, C4<0000011>, C4<0>, C4<0>, C4<0>;
v0x7f83867ad770_0 .net/2u *"_ivl_70", 6 0, L_0x7f83865739e0;  1 drivers
v0x7f83867ad820_0 .net *"_ivl_72", 0 0, L_0x7f83867c0350;  1 drivers
v0x7f83867ad8c0_0 .net *"_ivl_75", 0 0, L_0x7f83867c03f0;  1 drivers
L_0x7f8386573a28 .functor BUFT 1, C4<0010011>, C4<0>, C4<0>, C4<0>;
v0x7f83867ad960_0 .net/2u *"_ivl_76", 6 0, L_0x7f8386573a28;  1 drivers
v0x7f83867ada10_0 .net *"_ivl_78", 0 0, L_0x7f83867c04a0;  1 drivers
L_0x7f83865735a8 .functor BUFT 1, C4<00>, C4<0>, C4<0>, C4<0>;
v0x7f83867adab0_0 .net/2s *"_ivl_8", 1 0, L_0x7f83865735a8;  1 drivers
v0x7f83867adb60_0 .net *"_ivl_81", 0 0, L_0x7f83867c0740;  1 drivers
L_0x7f8386573a70 .functor BUFT 1, C4<01>, C4<0>, C4<0>, C4<0>;
v0x7f83867adc00_0 .net/2s *"_ivl_82", 1 0, L_0x7f8386573a70;  1 drivers
L_0x7f8386573ab8 .functor BUFT 1, C4<00>, C4<0>, C4<0>, C4<0>;
v0x7f83867adcb0_0 .net/2s *"_ivl_84", 1 0, L_0x7f8386573ab8;  1 drivers
v0x7f83867add60_0 .net *"_ivl_86", 1 0, L_0x7f83867c07b0;  1 drivers
v0x7f83867ac790_0 .net *"_ivl_88", 1 0, L_0x7f83867c0910;  1 drivers
L_0x7f8386573b00 .functor BUFT 1, C4<00>, C4<0>, C4<0>, C4<0>;
v0x7f83867ac840_0 .net/2s *"_ivl_92", 1 0, L_0x7f8386573b00;  1 drivers
L_0x7f8386573b48 .functor BUFT 1, C4<0110011>, C4<0>, C4<0>, C4<0>;
v0x7f83867addf0_0 .net/2u *"_ivl_94", 6 0, L_0x7f8386573b48;  1 drivers
v0x7f83867ade80_0 .net *"_ivl_96", 0 0, L_0x7f83867c0b50;  1 drivers
L_0x7f8386573b90 .functor BUFT 1, C4<1100011>, C4<0>, C4<0>, C4<0>;
v0x7f83867adf10_0 .net/2u *"_ivl_98", 6 0, L_0x7f8386573b90;  1 drivers
v0x7f83867adfa0_0 .net "opcode", 6 0, L_0x7f83867bbf30;  alias, 1 drivers
L_0x7f83867beda0 .cmp/eq 7, L_0x7f83867bbf30, L_0x7f8386573518;
L_0x7f83867bee80 .functor MUXZ 2, L_0x7f83865735a8, L_0x7f8386573560, L_0x7f83867beda0, C4<>;
L_0x7f83867befe0 .functor MUXZ 2, L_0x7f83867bee80, L_0x7f83865734d0, v0x7f83867b1df0_0, C4<>;
L_0x7f83867bf100 .part L_0x7f83867befe0, 0, 1;
L_0x7f83867bf220 .cmp/eq 7, L_0x7f83867bbf30, L_0x7f8386573638;
L_0x7f83867bf300 .functor MUXZ 2, L_0x7f83865736c8, L_0x7f8386573680, L_0x7f83867bf220, C4<>;
L_0x7f83867bf460 .functor MUXZ 2, L_0x7f83867bf300, L_0x7f83865735f0, v0x7f83867b1df0_0, C4<>;
L_0x7f83867bf600 .part L_0x7f83867bf460, 0, 1;
L_0x7f83867bf720 .cmp/eq 7, L_0x7f83867bbf30, L_0x7f8386573758;
L_0x7f83867bf850 .functor MUXZ 2, L_0x7f83865737e8, L_0x7f83865737a0, L_0x7f83867bf720, C4<>;
L_0x7f83867bf970 .functor MUXZ 2, L_0x7f83867bf850, L_0x7f8386573710, v0x7f83867b1df0_0, C4<>;
L_0x7f83867bfab0 .part L_0x7f83867bf970, 0, 1;
L_0x7f83867bfbd0 .cmp/eq 7, L_0x7f83867bbf30, L_0x7f8386573878;
L_0x7f83867bebc0 .functor MUXZ 2, L_0x7f8386573908, L_0x7f83865738c0, L_0x7f83867bfbd0, C4<>;
L_0x7f83867bff60 .functor MUXZ 2, L_0x7f83867bebc0, L_0x7f8386573830, v0x7f83867b1df0_0, C4<>;
L_0x7f83867c00c0 .part L_0x7f83867bff60, 0, 1;
L_0x7f83867c01e0 .cmp/eq 7, L_0x7f83867bbf30, L_0x7f8386573998;
L_0x7f83867c0350 .cmp/eq 7, L_0x7f83867bbf30, L_0x7f83865739e0;
L_0x7f83867c04a0 .cmp/eq 7, L_0x7f83867bbf30, L_0x7f8386573a28;
L_0x7f83867c07b0 .functor MUXZ 2, L_0x7f8386573ab8, L_0x7f8386573a70, L_0x7f83867c0740, C4<>;
L_0x7f83867c0910 .functor MUXZ 2, L_0x7f83867c07b0, L_0x7f8386573950, v0x7f83867b1df0_0, C4<>;
L_0x7f83867c0a30 .part L_0x7f83867c0910, 0, 1;
L_0x7f83867c0b50 .cmp/eq 7, L_0x7f83867bbf30, L_0x7f8386573b48;
L_0x7f83867c0c30 .cmp/eq 7, L_0x7f83867bbf30, L_0x7f8386573b90;
L_0x7f83867c0e00 .functor MUXZ 2, L_0x7f8386573c20, L_0x7f8386573bd8, L_0x7f83867c0d10, C4<>;
L_0x7f83867c0f70 .functor MUXZ 2, L_0x7f83867c0e00, L_0x7f8386573b00, v0x7f83867b1df0_0, C4<>;
L_0x7f83867c1150 .part L_0x7f83867c0f70, 0, 1;
L_0x7f83867c0ea0 .cmp/eq 7, L_0x7f83867bbf30, L_0x7f8386573cb0;
L_0x7f83867c1350 .cmp/eq 7, L_0x7f83867bbf30, L_0x7f8386573d40;
L_0x7f83867c1230 .functor MUXZ 3, L_0x7f8386573dd0, L_0x7f8386573d88, L_0x7f83867c1350, C4<>;
L_0x7f83867c15a0 .functor MUXZ 3, L_0x7f83867c1230, L_0x7f8386573cf8, L_0x7f83867c0ea0, C4<>;
L_0x7f83867c1740 .functor MUXZ 3, L_0x7f83867c15a0, L_0x7f8386573c68, v0x7f83867b1df0_0, C4<>;
L_0x7f83867c1860 .part L_0x7f83867c1740, 0, 2;
S_0x7f83867ae100 .scope module, "Data_Memory" "Data_Memory" 3 260, 9 1 0, S_0x7f8386772b30;
 .timescale 0 0;
    .port_info 0 /INPUT 1 "clk_i";
    .port_info 1 /INPUT 32 "addr_i";
    .port_info 2 /INPUT 1 "MemRead_i";
    .port_info 3 /INPUT 1 "MemWrite_i";
    .port_info 4 /INPUT 32 "data_i";
    .port_info 5 /OUTPUT 32 "data_o";
v0x7f83867ae300_0 .net "MemRead_i", 0 0, v0x7f83867b7110_0;  1 drivers
v0x7f83867ae3b0_0 .net "MemWrite_i", 0 0, v0x7f83867b71c0_0;  1 drivers
v0x7f83867ae450_0 .net *"_ivl_0", 31 0, L_0x7f83867c4d40;  1 drivers
v0x7f83867ae510_0 .net *"_ivl_2", 31 0, L_0x7f83867c4e80;  1 drivers
v0x7f83867ae5c0_0 .net *"_ivl_4", 29 0, L_0x7f83867c4de0;  1 drivers
L_0x7f83865745f8 .functor BUFT 1, C4<00>, C4<0>, C4<0>, C4<0>;
v0x7f83867ae6b0_0 .net *"_ivl_6", 1 0, L_0x7f83865745f8;  1 drivers
L_0x7f8386574640 .functor BUFT 1, C4<00000000000000000000000000000000>, C4<0>, C4<0>, C4<0>;
v0x7f83867ae760_0 .net/2u *"_ivl_8", 31 0, L_0x7f8386574640;  1 drivers
v0x7f83867ae810_0 .net "addr_i", 31 0, v0x7f83867b6f70_0;  1 drivers
v0x7f83867ae8c0_0 .net "clk_i", 0 0, v0x7f83867bb190_0;  alias, 1 drivers
v0x7f83867ae9d0_0 .net "data_i", 31 0, v0x7f83867b7420_0;  1 drivers
v0x7f83867aea70_0 .net "data_o", 31 0, L_0x7f83867c4fa0;  alias, 1 drivers
v0x7f83867aeb20 .array "memory", 1023 0, 31 0;
E_0x7f83867ab650 .event posedge, v0x7f83867ae8c0_0;
L_0x7f83867c4d40 .array/port v0x7f83867aeb20, L_0x7f83867c4e80;
L_0x7f83867c4de0 .part v0x7f83867b6f70_0, 2, 30;
L_0x7f83867c4e80 .concat [ 30 2 0 0], L_0x7f83867c4de0, L_0x7f83865745f8;
L_0x7f83867c4fa0 .functor MUXZ 32, L_0x7f8386574640, L_0x7f83867c4d40, v0x7f83867b7110_0, C4<>;
S_0x7f83867aec50 .scope module, "Forwarding_Unit" "Forwarding_Unit" 3 180, 10 1 0, S_0x7f8386772b30;
 .timescale 0 0;
    .port_info 0 /INPUT 5 "ID_EX_RS1";
    .port_info 1 /INPUT 5 "ID_EX_RS2";
    .port_info 2 /INPUT 5 "EX_MEM_RD";
    .port_info 3 /INPUT 5 "MEM_WB_RD";
    .port_info 4 /INPUT 1 "EX_MEM_RegWrite";
    .port_info 5 /INPUT 1 "MEM_WB_RegWrite";
    .port_info 6 /OUTPUT 2 "Forward_Control1";
    .port_info 7 /OUTPUT 2 "Forward_Control2";
L_0x7f83867c23a0 .functor AND 1, L_0x7f83867c2040, L_0x7f83867c2280, C4<1>, C4<1>;
L_0x7f83867c2570 .functor AND 1, L_0x7f83867c23a0, L_0x7f83867c2490, C4<1>, C4<1>;
L_0x7f83867c2af0 .functor AND 1, L_0x7f83867c2740, L_0x7f83867c2980, C4<1>, C4<1>;
L_0x7f83867c2c40 .functor AND 1, L_0x7f83867c2af0, L_0x7f83867c2ba0, C4<1>, C4<1>;
L_0x7f83867bfdd0 .functor AND 1, L_0x7f83867c3160, L_0x7f83867bfcf0, C4<1>, C4<1>;
L_0x7f83867c3510 .functor AND 1, L_0x7f83867bfdd0, L_0x7f83867c33e0, C4<1>, C4<1>;
L_0x7f83867c3a50 .functor AND 1, L_0x7f83867c3660, L_0x7f83867c38c0, C4<1>, C4<1>;
L_0x7f83867be8d0 .functor AND 1, L_0x7f83867c3a50, L_0x7f83867c3b00, C4<1>, C4<1>;
v0x7f83867aef20_0 .net "EX_MEM_RD", 4 0, v0x7f83867b72e0_0;  1 drivers
v0x7f83867aefe0_0 .net "EX_MEM_RegWrite", 0 0, v0x7f83867b7370_0;  1 drivers
v0x7f83867af080_0 .net "Forward_Control1", 1 0, L_0x7f83867c2eb0;  alias, 1 drivers
v0x7f83867af140_0 .net "Forward_Control2", 1 0, L_0x7f83867c3ec0;  alias, 1 drivers
v0x7f83867af1f0_0 .net "ID_EX_RS1", 4 0, v0x7f83867b7b20_0;  1 drivers
v0x7f83867af2e0_0 .net "ID_EX_RS2", 4 0, v0x7f83867b7c80_0;  1 drivers
v0x7f83867af390_0 .net "MEM_WB_RD", 4 0, v0x7f83867b8440_0;  1 drivers
v0x7f83867af440_0 .net "MEM_WB_RegWrite", 0 0, v0x7f83867b8510_0;  1 drivers
v0x7f83867af4e0_0 .net *"_ivl_0", 31 0, L_0x7f83867c1f60;  1 drivers
L_0x7f83865743b8 .functor BUFT 1, C4<01>, C4<0>, C4<0>, C4<0>;
v0x7f83867af5f0_0 .net/2u *"_ivl_100", 1 0, L_0x7f83865743b8;  1 drivers
L_0x7f8386574400 .functor BUFT 1, C4<00>, C4<0>, C4<0>, C4<0>;
v0x7f83867af6a0_0 .net/2u *"_ivl_102", 1 0, L_0x7f8386574400;  1 drivers
v0x7f83867af750_0 .net *"_ivl_104", 1 0, L_0x7f83867c3d20;  1 drivers
L_0x7f8386573ea8 .functor BUFT 1, C4<000000000000000000000000000>, C4<0>, C4<0>, C4<0>;
v0x7f83867af800_0 .net *"_ivl_11", 26 0, L_0x7f8386573ea8;  1 drivers
L_0x7f8386573ef0 .functor BUFT 1, C4<00000000000000000000000000000000>, C4<0>, C4<0>, C4<0>;
v0x7f83867af8b0_0 .net/2u *"_ivl_12", 31 0, L_0x7f8386573ef0;  1 drivers
v0x7f83867af960_0 .net *"_ivl_14", 0 0, L_0x7f83867c2280;  1 drivers
v0x7f83867afa00_0 .net *"_ivl_17", 0 0, L_0x7f83867c23a0;  1 drivers
v0x7f83867afaa0_0 .net *"_ivl_18", 0 0, L_0x7f83867c2490;  1 drivers
v0x7f83867afc30_0 .net *"_ivl_21", 0 0, L_0x7f83867c2570;  1 drivers
L_0x7f8386573f38 .functor BUFT 1, C4<10>, C4<0>, C4<0>, C4<0>;
v0x7f83867afcc0_0 .net/2u *"_ivl_22", 1 0, L_0x7f8386573f38;  1 drivers
v0x7f83867afd50_0 .net *"_ivl_24", 31 0, L_0x7f83867c2660;  1 drivers
L_0x7f8386573f80 .functor BUFT 1, C4<0000000000000000000000000000000>, C4<0>, C4<0>, C4<0>;
v0x7f83867afe00_0 .net *"_ivl_27", 30 0, L_0x7f8386573f80;  1 drivers
L_0x7f8386573fc8 .functor BUFT 1, C4<00000000000000000000000000000001>, C4<0>, C4<0>, C4<0>;
v0x7f83867afeb0_0 .net/2u *"_ivl_28", 31 0, L_0x7f8386573fc8;  1 drivers
L_0x7f8386573e18 .functor BUFT 1, C4<0000000000000000000000000000000>, C4<0>, C4<0>, C4<0>;
v0x7f83867aff60_0 .net *"_ivl_3", 30 0, L_0x7f8386573e18;  1 drivers
v0x7f83867b0010_0 .net *"_ivl_30", 0 0, L_0x7f83867c2740;  1 drivers
v0x7f83867b00b0_0 .net *"_ivl_32", 31 0, L_0x7f83867c28a0;  1 drivers
L_0x7f8386574010 .functor BUFT 1, C4<000000000000000000000000000>, C4<0>, C4<0>, C4<0>;
v0x7f83867b0160_0 .net *"_ivl_35", 26 0, L_0x7f8386574010;  1 drivers
L_0x7f8386574058 .functor BUFT 1, C4<00000000000000000000000000000000>, C4<0>, C4<0>, C4<0>;
v0x7f83867b0210_0 .net/2u *"_ivl_36", 31 0, L_0x7f8386574058;  1 drivers
v0x7f83867b02c0_0 .net *"_ivl_38", 0 0, L_0x7f83867c2980;  1 drivers
L_0x7f8386573e60 .functor BUFT 1, C4<00000000000000000000000000000001>, C4<0>, C4<0>, C4<0>;
v0x7f83867b0360_0 .net/2u *"_ivl_4", 31 0, L_0x7f8386573e60;  1 drivers
v0x7f83867b0410_0 .net *"_ivl_41", 0 0, L_0x7f83867c2af0;  1 drivers
v0x7f83867b04b0_0 .net *"_ivl_42", 0 0, L_0x7f83867c2ba0;  1 drivers
v0x7f83867b0550_0 .net *"_ivl_45", 0 0, L_0x7f83867c2c40;  1 drivers
L_0x7f83865740a0 .functor BUFT 1, C4<01>, C4<0>, C4<0>, C4<0>;
v0x7f83867b05f0_0 .net/2u *"_ivl_46", 1 0, L_0x7f83865740a0;  1 drivers
L_0x7f83865740e8 .functor BUFT 1, C4<00>, C4<0>, C4<0>, C4<0>;
v0x7f83867afb50_0 .net/2u *"_ivl_48", 1 0, L_0x7f83865740e8;  1 drivers
v0x7f83867b0880_0 .net *"_ivl_50", 1 0, L_0x7f83867c2d30;  1 drivers
v0x7f83867b0910_0 .net *"_ivl_54", 31 0, L_0x7f83867c3010;  1 drivers
L_0x7f8386574130 .functor BUFT 1, C4<0000000000000000000000000000000>, C4<0>, C4<0>, C4<0>;
v0x7f83867b09b0_0 .net *"_ivl_57", 30 0, L_0x7f8386574130;  1 drivers
L_0x7f8386574178 .functor BUFT 1, C4<00000000000000000000000000000001>, C4<0>, C4<0>, C4<0>;
v0x7f83867b0a60_0 .net/2u *"_ivl_58", 31 0, L_0x7f8386574178;  1 drivers
v0x7f83867b0b10_0 .net *"_ivl_6", 0 0, L_0x7f83867c2040;  1 drivers
v0x7f83867b0bb0_0 .net *"_ivl_60", 0 0, L_0x7f83867c3160;  1 drivers
v0x7f83867b0c50_0 .net *"_ivl_62", 31 0, L_0x7f83867c3240;  1 drivers
L_0x7f83865741c0 .functor BUFT 1, C4<000000000000000000000000000>, C4<0>, C4<0>, C4<0>;
v0x7f83867b0d00_0 .net *"_ivl_65", 26 0, L_0x7f83865741c0;  1 drivers
L_0x7f8386574208 .functor BUFT 1, C4<00000000000000000000000000000000>, C4<0>, C4<0>, C4<0>;
v0x7f83867b0db0_0 .net/2u *"_ivl_66", 31 0, L_0x7f8386574208;  1 drivers
v0x7f83867b0e60_0 .net *"_ivl_68", 0 0, L_0x7f83867bfcf0;  1 drivers
v0x7f83867b0f00_0 .net *"_ivl_71", 0 0, L_0x7f83867bfdd0;  1 drivers
v0x7f83867b0fa0_0 .net *"_ivl_72", 0 0, L_0x7f83867c33e0;  1 drivers
v0x7f83867b1040_0 .net *"_ivl_75", 0 0, L_0x7f83867c3510;  1 drivers
L_0x7f8386574250 .functor BUFT 1, C4<10>, C4<0>, C4<0>, C4<0>;
v0x7f83867b10e0_0 .net/2u *"_ivl_76", 1 0, L_0x7f8386574250;  1 drivers
v0x7f83867b1190_0 .net *"_ivl_78", 31 0, L_0x7f83867c3580;  1 drivers
v0x7f83867b1240_0 .net *"_ivl_8", 31 0, L_0x7f83867c2160;  1 drivers
L_0x7f8386574298 .functor BUFT 1, C4<0000000000000000000000000000000>, C4<0>, C4<0>, C4<0>;
v0x7f83867b12f0_0 .net *"_ivl_81", 30 0, L_0x7f8386574298;  1 drivers
L_0x7f83865742e0 .functor BUFT 1, C4<00000000000000000000000000000001>, C4<0>, C4<0>, C4<0>;
v0x7f83867b13a0_0 .net/2u *"_ivl_82", 31 0, L_0x7f83865742e0;  1 drivers
v0x7f83867b1450_0 .net *"_ivl_84", 0 0, L_0x7f83867c3660;  1 drivers
v0x7f83867b14f0_0 .net *"_ivl_86", 31 0, L_0x7f83867c3820;  1 drivers
L_0x7f8386574328 .functor BUFT 1, C4<000000000000000000000000000>, C4<0>, C4<0>, C4<0>;
v0x7f83867b15a0_0 .net *"_ivl_89", 26 0, L_0x7f8386574328;  1 drivers
L_0x7f8386574370 .functor BUFT 1, C4<00000000000000000000000000000000>, C4<0>, C4<0>, C4<0>;
v0x7f83867b1650_0 .net/2u *"_ivl_90", 31 0, L_0x7f8386574370;  1 drivers
v0x7f83867b1700_0 .net *"_ivl_92", 0 0, L_0x7f83867c38c0;  1 drivers
v0x7f83867b17a0_0 .net *"_ivl_95", 0 0, L_0x7f83867c3a50;  1 drivers
v0x7f83867b1840_0 .net *"_ivl_96", 0 0, L_0x7f83867c3b00;  1 drivers
v0x7f83867b18e0_0 .net *"_ivl_99", 0 0, L_0x7f83867be8d0;  1 drivers
E_0x7f83867ab620/0 .event edge, v0x7f83867af140_0, v0x7f83867af080_0, v0x7f83867af440_0, v0x7f83867aefe0_0;
E_0x7f83867ab620/1 .event edge, v0x7f83867af390_0, v0x7f83867aef20_0, v0x7f83867af2e0_0, v0x7f83867af1f0_0;
E_0x7f83867ab620 .event/or E_0x7f83867ab620/0, E_0x7f83867ab620/1;
L_0x7f83867c1f60 .concat [ 1 31 0 0], v0x7f83867b7370_0, L_0x7f8386573e18;
L_0x7f83867c2040 .cmp/eeq 32, L_0x7f83867c1f60, L_0x7f8386573e60;
L_0x7f83867c2160 .concat [ 5 27 0 0], v0x7f83867b72e0_0, L_0x7f8386573ea8;
L_0x7f83867c2280 .cmp/nee 32, L_0x7f83867c2160, L_0x7f8386573ef0;
L_0x7f83867c2490 .cmp/eeq 5, v0x7f83867b72e0_0, v0x7f83867b7b20_0;
L_0x7f83867c2660 .concat [ 1 31 0 0], v0x7f83867b8510_0, L_0x7f8386573f80;
L_0x7f83867c2740 .cmp/eeq 32, L_0x7f83867c2660, L_0x7f8386573fc8;
L_0x7f83867c28a0 .concat [ 5 27 0 0], v0x7f83867b8440_0, L_0x7f8386574010;
L_0x7f83867c2980 .cmp/nee 32, L_0x7f83867c28a0, L_0x7f8386574058;
L_0x7f83867c2ba0 .cmp/eeq 5, v0x7f83867b8440_0, v0x7f83867b7b20_0;
L_0x7f83867c2d30 .functor MUXZ 2, L_0x7f83865740e8, L_0x7f83865740a0, L_0x7f83867c2c40, C4<>;
L_0x7f83867c2eb0 .functor MUXZ 2, L_0x7f83867c2d30, L_0x7f8386573f38, L_0x7f83867c2570, C4<>;
L_0x7f83867c3010 .concat [ 1 31 0 0], v0x7f83867b7370_0, L_0x7f8386574130;
L_0x7f83867c3160 .cmp/eeq 32, L_0x7f83867c3010, L_0x7f8386574178;
L_0x7f83867c3240 .concat [ 5 27 0 0], v0x7f83867b72e0_0, L_0x7f83865741c0;
L_0x7f83867bfcf0 .cmp/nee 32, L_0x7f83867c3240, L_0x7f8386574208;
L_0x7f83867c33e0 .cmp/eeq 5, v0x7f83867b72e0_0, v0x7f83867b7c80_0;
L_0x7f83867c3580 .concat [ 1 31 0 0], v0x7f83867b8510_0, L_0x7f8386574298;
L_0x7f83867c3660 .cmp/eeq 32, L_0x7f83867c3580, L_0x7f83865742e0;
L_0x7f83867c3820 .concat [ 5 27 0 0], v0x7f83867b8440_0, L_0x7f8386574328;
L_0x7f83867c38c0 .cmp/nee 32, L_0x7f83867c3820, L_0x7f8386574370;
L_0x7f83867c3b00 .cmp/eeq 5, v0x7f83867b8440_0, v0x7f83867b7c80_0;
L_0x7f83867c3d20 .functor MUXZ 2, L_0x7f8386574400, L_0x7f83865743b8, L_0x7f83867be8d0, C4<>;
L_0x7f83867c3ec0 .functor MUXZ 2, L_0x7f83867c3d20, L_0x7f8386574250, L_0x7f83867c3510, C4<>;
S_0x7f83867b1a40 .scope module, "Hazard_Detection" "Hazard_Detection" 3 77, 11 1 0, S_0x7f8386772b30;
 .timescale 0 0;
    .port_info 0 /INPUT 5 "rs1_addr";
    .port_info 1 /INPUT 5 "rs2_addr";
    .port_info 2 /INPUT 5 "ID_EX_RD";
    .port_info 3 /INPUT 1 "ID_EX_MemRead";
    .port_info 4 /OUTPUT 1 "PcWrite_o";
    .port_info 5 /OUTPUT 1 "Stall_o";
    .port_info 6 /OUTPUT 1 "NoOp_o";
v0x7f83867b1c90_0 .net "ID_EX_MemRead", 0 0, v0x7f83867b7850_0;  1 drivers
v0x7f83867b1d40_0 .net "ID_EX_RD", 4 0, v0x7f83867b7a90_0;  1 drivers
v0x7f83867b1df0_0 .var "NoOp_o", 0 0;
v0x7f83867b1ec0_0 .var "PcWrite_o", 0 0;
v0x7f83867b1f50_0 .var "Stall_o", 0 0;
v0x7f83867b2020_0 .net "rs1_addr", 4 0, L_0x7f83867bc650;  alias, 1 drivers
v0x7f83867b20d0_0 .net "rs2_addr", 4 0, L_0x7f83867bcb10;  alias, 1 drivers
E_0x7f83867af5c0 .event edge, v0x7f83867b1c90_0, v0x7f83867b1d40_0, v0x7f83867b20d0_0, v0x7f83867b2020_0;
S_0x7f83867b2230 .scope module, "Instruction_Memory" "Instruction_Memory" 3 38, 12 1 0, S_0x7f8386772b30;
 .timescale 0 0;
    .port_info 0 /INPUT 32 "addr_i";
    .port_info 1 /OUTPUT 32 "instr_o";
L_0x7f83867bbe40 .functor BUFZ 32, L_0x7f83867bbb20, C4<00000000000000000000000000000000>, C4<00000000000000000000000000000000>, C4<00000000000000000000000000000000>;
v0x7f83867b2470_0 .net *"_ivl_0", 31 0, L_0x7f83867bbb20;  1 drivers
v0x7f83867b2510_0 .net *"_ivl_2", 31 0, L_0x7f83867bbcc0;  1 drivers
v0x7f83867b25b0_0 .net *"_ivl_4", 29 0, L_0x7f83867bbbe0;  1 drivers
L_0x7f83865730e0 .functor BUFT 1, C4<00>, C4<0>, C4<0>, C4<0>;
v0x7f83867b2640_0 .net *"_ivl_6", 1 0, L_0x7f83865730e0;  1 drivers
v0x7f83867b26f0_0 .net "addr_i", 31 0, v0x7f83867b2e20_0;  alias, 1 drivers
v0x7f83867b27d0_0 .net "instr_o", 31 0, L_0x7f83867bbe40;  alias, 1 drivers
v0x7f83867b2870 .array "memory", 255 0, 31 0;
L_0x7f83867bbb20 .array/port v0x7f83867b2870, L_0x7f83867bbcc0;
L_0x7f83867bbbe0 .part v0x7f83867b2e20_0, 2, 30;
L_0x7f83867bbcc0 .concat [ 30 2 0 0], L_0x7f83867bbbe0, L_0x7f83865730e0;
S_0x7f83867b2940 .scope module, "PC" "PC" 3 15, 13 1 0, S_0x7f8386772b30;
 .timescale 0 0;
    .port_info 0 /INPUT 1 "clk_i";
    .port_info 1 /INPUT 1 "rst_i";
    .port_info 2 /INPUT 1 "start_i";
    .port_info 3 /INPUT 1 "PCWrite_i";
    .port_info 4 /INPUT 32 "pc_i";
    .port_info 5 /OUTPUT 32 "pc_o";
v0x7f83867b2c00_0 .net "PCWrite_i", 0 0, v0x7f83867b1ec0_0;  alias, 1 drivers
v0x7f83867b2cc0_0 .net "clk_i", 0 0, v0x7f83867bb190_0;  alias, 1 drivers
v0x7f83867b2d70_0 .net "pc_i", 31 0, L_0x7f83867bb9c0;  alias, 1 drivers
v0x7f83867b2e20_0 .var "pc_o", 31 0;
v0x7f83867b2ef0_0 .net "rst_i", 0 0, v0x7f83867bb2a0_0;  alias, 1 drivers
v0x7f83867b2fc0_0 .net "start_i", 0 0, v0x7f83867bb330_0;  alias, 1 drivers
E_0x7f83867b2bc0 .event posedge, v0x7f83867b2ef0_0, v0x7f83867ae8c0_0;
S_0x7f83867b30e0 .scope module, "PC_Mux" "MUX32" 3 30, 6 1 0, S_0x7f8386772b30;
 .timescale 0 0;
    .port_info 0 /INPUT 32 "input0";
    .port_info 1 /INPUT 32 "input1";
    .port_info 2 /INPUT 1 "ctrl_signal";
    .port_info 3 /OUTPUT 32 "out";
L_0x7f8386574718 .functor BUFT 1, C4<00000000000000000000000000000000>, C4<0>, C4<0>, C4<0>;
v0x7f83867b3300_0 .net *"_ivl_0", 31 0, L_0x7f8386574718;  1 drivers
L_0x7f8386573050 .functor BUFT 1, C4<00000000000000000000000000000000>, C4<0>, C4<0>, C4<0>;
v0x7f83867b33c0_0 .net/2u *"_ivl_4", 31 0, L_0x7f8386573050;  1 drivers
v0x7f83867b3460_0 .net *"_ivl_6", 0 0, L_0x7f83867bb8e0;  1 drivers
L_0x7f8386573098 .functor BUFT 1, C4<0>, C4<0>, C4<0>, C4<0>;
v0x7f83867b34f0_0 .net "ctrl_signal", 0 0, L_0x7f8386573098;  1 drivers
v0x7f83867b3590_0 .net "input0", 31 0, L_0x7f83867bb760;  alias, 1 drivers
o0x7f8386544af8 .functor BUFZ 32, C4<zzzzzzzzzzzzzzzzzzzzzzzzzzzzzzzz>; HiZ drive
v0x7f83867b3670_0 .net "input1", 31 0, o0x7f8386544af8;  0 drivers
v0x7f83867b3710_0 .net "out", 31 0, L_0x7f83867bb9c0;  alias, 1 drivers
L_0x7f83867bb8e0 .cmp/eq 32, L_0x7f8386574718, L_0x7f8386573050;
L_0x7f83867bb9c0 .functor MUXZ 32, o0x7f8386544af8, L_0x7f83867bb760, L_0x7f83867bb8e0, C4<>;
S_0x7f83867b3820 .scope module, "RS1_Forwarding" "MUX_Forwarding" 3 192, 14 1 0, S_0x7f8386772b30;
 .timescale 0 0;
    .port_info 0 /INPUT 32 "ID_EX_RS";
    .port_info 1 /INPUT 32 "EX_MEM_ALUout";
    .port_info 2 /INPUT 32 "WB_WBdata";
    .port_info 3 /INPUT 2 "ctrl";
    .port_info 4 /OUTPUT 32 "forword_out";
v0x7f83867b3a90_0 .net "EX_MEM_ALUout", 31 0, v0x7f83867b6f70_0;  alias, 1 drivers
v0x7f83867b3b40_0 .net "ID_EX_RS", 31 0, v0x7f83867b7bd0_0;  1 drivers
v0x7f83867b3be0_0 .net "WB_WBdata", 31 0, L_0x7f83867c5380;  alias, 1 drivers
L_0x7f8386574448 .functor BUFT 1, C4<00>, C4<0>, C4<0>, C4<0>;
v0x7f83867b3ca0_0 .net/2u *"_ivl_0", 1 0, L_0x7f8386574448;  1 drivers
v0x7f83867b3d50_0 .net *"_ivl_2", 0 0, L_0x7f83867c4020;  1 drivers
L_0x7f8386574490 .functor BUFT 1, C4<01>, C4<0>, C4<0>, C4<0>;
v0x7f83867b3e30_0 .net/2u *"_ivl_4", 1 0, L_0x7f8386574490;  1 drivers
v0x7f83867b3ee0_0 .net *"_ivl_6", 0 0, L_0x7f83867c4140;  1 drivers
v0x7f83867b3f80_0 .net *"_ivl_8", 31 0, L_0x7f83867c4220;  1 drivers
v0x7f83867b4030_0 .net "ctrl", 1 0, L_0x7f83867c2eb0;  alias, 1 drivers
v0x7f83867b4160_0 .net "forword_out", 31 0, L_0x7f83867c4380;  alias, 1 drivers
L_0x7f83867c4020 .cmp/eq 2, L_0x7f83867c2eb0, L_0x7f8386574448;
L_0x7f83867c4140 .cmp/eq 2, L_0x7f83867c2eb0, L_0x7f8386574490;
L_0x7f83867c4220 .functor MUXZ 32, v0x7f83867b6f70_0, L_0x7f83867c5380, L_0x7f83867c4140, C4<>;
L_0x7f83867c4380 .functor MUXZ 32, L_0x7f83867c4220, v0x7f83867b7bd0_0, L_0x7f83867c4020, C4<>;
S_0x7f83867b4230 .scope module, "RS2_Forwarding" "MUX_Forwarding" 3 199, 14 1 0, S_0x7f8386772b30;
 .timescale 0 0;
    .port_info 0 /INPUT 32 "ID_EX_RS";
    .port_info 1 /INPUT 32 "EX_MEM_ALUout";
    .port_info 2 /INPUT 32 "WB_WBdata";
    .port_info 3 /INPUT 2 "ctrl";
    .port_info 4 /OUTPUT 32 "forword_out";
v0x7f83867b4470_0 .net "EX_MEM_ALUout", 31 0, v0x7f83867b6f70_0;  alias, 1 drivers
v0x7f83867b4560_0 .net "ID_EX_RS", 31 0, v0x7f83867b7d30_0;  1 drivers
v0x7f83867b4600_0 .net "WB_WBdata", 31 0, L_0x7f83867c5380;  alias, 1 drivers
L_0x7f83865744d8 .functor BUFT 1, C4<00>, C4<0>, C4<0>, C4<0>;
v0x7f83867b46d0_0 .net/2u *"_ivl_0", 1 0, L_0x7f83865744d8;  1 drivers
v0x7f83867b4760_0 .net *"_ivl_2", 0 0, L_0x7f83867c44a0;  1 drivers
L_0x7f8386574520 .functor BUFT 1, C4<01>, C4<0>, C4<0>, C4<0>;
v0x7f83867b4840_0 .net/2u *"_ivl_4", 1 0, L_0x7f8386574520;  1 drivers
v0x7f83867b48f0_0 .net *"_ivl_6", 0 0, L_0x7f83867c45c0;  1 drivers
v0x7f83867b4990_0 .net *"_ivl_8", 31 0, L_0x7f83867c46a0;  1 drivers
v0x7f83867b4a40_0 .net "ctrl", 1 0, L_0x7f83867c3ec0;  alias, 1 drivers
v0x7f83867b4b70_0 .net "forword_out", 31 0, L_0x7f83867c4880;  alias, 1 drivers
L_0x7f83867c44a0 .cmp/eq 2, L_0x7f83867c3ec0, L_0x7f83865744d8;
L_0x7f83867c45c0 .cmp/eq 2, L_0x7f83867c3ec0, L_0x7f8386574520;
L_0x7f83867c46a0 .functor MUXZ 32, v0x7f83867b6f70_0, L_0x7f83867c5380, L_0x7f83867c45c0, C4<>;
L_0x7f83867c4880 .functor MUXZ 32, L_0x7f83867c46a0, v0x7f83867b7d30_0, L_0x7f83867c44a0, C4<>;
S_0x7f83867b4c40 .scope module, "Registers" "Registers" 3 95, 15 1 0, S_0x7f8386772b30;
 .timescale 0 0;
    .port_info 0 /INPUT 1 "clk_i";
    .port_info 1 /INPUT 5 "RS1addr_i";
    .port_info 2 /INPUT 5 "RS2addr_i";
    .port_info 3 /INPUT 5 "RDaddr_i";
    .port_info 4 /INPUT 32 "RDdata_i";
    .port_info 5 /INPUT 1 "RegWrite_i";
    .port_info 6 /OUTPUT 32 "RS1data_o";
    .port_info 7 /OUTPUT 32 "RS2data_o";
L_0x7f83867be420 .functor AND 1, L_0x7f83867be300, v0x7f83867b8510_0, C4<1>, C4<1>;
L_0x7f83867be950 .functor AND 1, L_0x7f83867be7b0, v0x7f83867b8510_0, C4<1>, C4<1>;
v0x7f83867b4f00_0 .net "RDaddr_i", 4 0, v0x7f83867b8440_0;  alias, 1 drivers
v0x7f83867b4fd0_0 .net "RDdata_i", 31 0, L_0x7f83867c5380;  alias, 1 drivers
v0x7f83867b50a0_0 .net "RS1addr_i", 4 0, L_0x7f83867bc650;  alias, 1 drivers
v0x7f83867b5130_0 .net "RS1data_o", 31 0, L_0x7f83867be650;  alias, 1 drivers
v0x7f83867b51c0_0 .net "RS2addr_i", 4 0, L_0x7f83867bcb10;  alias, 1 drivers
v0x7f83867b52a0_0 .net "RS2data_o", 31 0, L_0x7f83867becc0;  alias, 1 drivers
v0x7f83867b5340_0 .net "RegWrite_i", 0 0, v0x7f83867b8510_0;  alias, 1 drivers
v0x7f83867b53f0_0 .net *"_ivl_0", 0 0, L_0x7f83867be300;  1 drivers
v0x7f83867b5480_0 .net *"_ivl_12", 0 0, L_0x7f83867be7b0;  1 drivers
v0x7f83867b55a0_0 .net *"_ivl_15", 0 0, L_0x7f83867be950;  1 drivers
v0x7f83867b5640_0 .net *"_ivl_16", 31 0, L_0x7f83867bea40;  1 drivers
v0x7f83867b56f0_0 .net *"_ivl_18", 6 0, L_0x7f83867beae0;  1 drivers
L_0x7f8386573488 .functor BUFT 1, C4<00>, C4<0>, C4<0>, C4<0>;
v0x7f83867b57a0_0 .net *"_ivl_21", 1 0, L_0x7f8386573488;  1 drivers
v0x7f83867b5850_0 .net *"_ivl_3", 0 0, L_0x7f83867be420;  1 drivers
v0x7f83867b58f0_0 .net *"_ivl_4", 31 0, L_0x7f83867be490;  1 drivers
v0x7f83867b59a0_0 .net *"_ivl_6", 6 0, L_0x7f83867be530;  1 drivers
L_0x7f8386573440 .functor BUFT 1, C4<00>, C4<0>, C4<0>, C4<0>;
v0x7f83867b5a50_0 .net *"_ivl_9", 1 0, L_0x7f8386573440;  1 drivers
v0x7f83867b5be0_0 .net "clk_i", 0 0, v0x7f83867bb190_0;  alias, 1 drivers
v0x7f83867b5cb0 .array/s "register", 31 0, 31 0;
L_0x7f83867be300 .cmp/eq 5, L_0x7f83867bc650, v0x7f83867b8440_0;
L_0x7f83867be490 .array/port v0x7f83867b5cb0, L_0x7f83867be530;
L_0x7f83867be530 .concat [ 5 2 0 0], L_0x7f83867bc650, L_0x7f8386573440;
L_0x7f83867be650 .functor MUXZ 32, L_0x7f83867be490, L_0x7f83867c5380, L_0x7f83867be420, C4<>;
L_0x7f83867be7b0 .cmp/eq 5, L_0x7f83867bcb10, v0x7f83867b8440_0;
L_0x7f83867bea40 .array/port v0x7f83867b5cb0, L_0x7f83867beae0;
L_0x7f83867beae0 .concat [ 5 2 0 0], L_0x7f83867bcb10, L_0x7f8386573488;
L_0x7f83867becc0 .functor MUXZ 32, L_0x7f83867bea40, L_0x7f83867c5380, L_0x7f83867be950, C4<>;
S_0x7f83867b5d70 .scope module, "Sign_Extend" "Sign_Extend" 3 122, 16 1 0, S_0x7f8386772b30;
 .timescale 0 0;
    .port_info 0 /INPUT 12 "imm_i";
    .port_info 1 /OUTPUT 32 "imm_o";
v0x7f83867b5f60_0 .net *"_ivl_1", 0 0, L_0x7f83867c1640;  1 drivers
v0x7f83867b6010_0 .net *"_ivl_2", 19 0, L_0x7f83867c1a90;  1 drivers
v0x7f83867b60b0_0 .net "imm_i", 11 0, L_0x7f83867bded0;  alias, 1 drivers
v0x7f83867b6140_0 .net "imm_o", 31 0, L_0x7f83867c1c60;  alias, 1 drivers
L_0x7f83867c1640 .part L_0x7f83867bded0, 11, 1;
LS_0x7f83867c1a90_0_0 .concat [ 1 1 1 1], L_0x7f83867c1640, L_0x7f83867c1640, L_0x7f83867c1640, L_0x7f83867c1640;
LS_0x7f83867c1a90_0_4 .concat [ 1 1 1 1], L_0x7f83867c1640, L_0x7f83867c1640, L_0x7f83867c1640, L_0x7f83867c1640;
LS_0x7f83867c1a90_0_8 .concat [ 1 1 1 1], L_0x7f83867c1640, L_0x7f83867c1640, L_0x7f83867c1640, L_0x7f83867c1640;
LS_0x7f83867c1a90_0_12 .concat [ 1 1 1 1], L_0x7f83867c1640, L_0x7f83867c1640, L_0x7f83867c1640, L_0x7f83867c1640;
LS_0x7f83867c1a90_0_16 .concat [ 1 1 1 1], L_0x7f83867c1640, L_0x7f83867c1640, L_0x7f83867c1640, L_0x7f83867c1640;
LS_0x7f83867c1a90_1_0 .concat [ 4 4 4 4], LS_0x7f83867c1a90_0_0, LS_0x7f83867c1a90_0_4, LS_0x7f83867c1a90_0_8, LS_0x7f83867c1a90_0_12;
LS_0x7f83867c1a90_1_4 .concat [ 4 0 0 0], LS_0x7f83867c1a90_0_16;
L_0x7f83867c1a90 .concat [ 16 4 0 0], LS_0x7f83867c1a90_1_0, LS_0x7f83867c1a90_1_4;
L_0x7f83867c1c60 .concat [ 12 20 0 0], L_0x7f83867bded0, L_0x7f83867c1a90;
S_0x7f83867b6220 .scope module, "WB_Mux" "MUX32" 3 291, 6 1 0, S_0x7f8386772b30;
 .timescale 0 0;
    .port_info 0 /INPUT 32 "input0";
    .port_info 1 /INPUT 32 "input1";
    .port_info 2 /INPUT 1 "ctrl_signal";
    .port_info 3 /OUTPUT 32 "out";
v0x7f83867b6460_0 .net *"_ivl_0", 31 0, L_0x7f83867c5140;  1 drivers
L_0x7f8386574688 .functor BUFT 1, C4<0000000000000000000000000000000>, C4<0>, C4<0>, C4<0>;
v0x7f83867b6510_0 .net *"_ivl_3", 30 0, L_0x7f8386574688;  1 drivers
L_0x7f83865746d0 .functor BUFT 1, C4<00000000000000000000000000000000>, C4<0>, C4<0>, C4<0>;
v0x7f83867b65c0_0 .net/2u *"_ivl_4", 31 0, L_0x7f83865746d0;  1 drivers
v0x7f83867b6680_0 .net *"_ivl_6", 0 0, L_0x7f83867c5260;  1 drivers
v0x7f83867b6720_0 .net "ctrl_signal", 0 0, v0x7f83867b8390_0;  1 drivers
v0x7f83867b6800_0 .net "input0", 31 0, v0x7f83867b7630_0;  1 drivers
v0x7f83867b68b0_0 .net "input1", 31 0, v0x7f83867b8300_0;  1 drivers
v0x7f83867b6960_0 .net "out", 31 0, L_0x7f83867c5380;  alias, 1 drivers
L_0x7f83867c5140 .concat [ 1 31 0 0], v0x7f83867b8390_0, L_0x7f8386574688;
L_0x7f83867c5260 .cmp/eq 32, L_0x7f83867c5140, L_0x7f83865746d0;
L_0x7f83867c5380 .functor MUXZ 32, v0x7f83867b8300_0, v0x7f83867b7630_0, L_0x7f83867c5260, C4<>;
    .scope S_0x7f83867b2940;
T_0 ;
    %wait E_0x7f83867b2bc0;
    %load/vec4 v0x7f83867b2ef0_0;
    %flag_set/vec4 8;
    %jmp/0xz  T_0.0, 8;
    %pushi/vec4 0, 0, 32;
    %assign/vec4 v0x7f83867b2e20_0, 0;
    %jmp T_0.1;
T_0.0 ;
    %load/vec4 v0x7f83867b2c00_0;
    %flag_set/vec4 8;
    %jmp/0xz  T_0.2, 8;
    %load/vec4 v0x7f83867b2fc0_0;
    %flag_set/vec4 8;
    %jmp/0xz  T_0.4, 8;
    %load/vec4 v0x7f83867b2d70_0;
    %assign/vec4 v0x7f83867b2e20_0, 0;
    %jmp T_0.5;
T_0.4 ;
    %load/vec4 v0x7f83867b2e20_0;
    %assign/vec4 v0x7f83867b2e20_0, 0;
T_0.5 ;
T_0.2 ;
T_0.1 ;
    %jmp T_0;
    .thread T_0;
    .scope S_0x7f83867b1a40;
T_1 ;
    %wait E_0x7f83867af5c0;
    %load/vec4 v0x7f83867b1c90_0;
    %pad/u 32;
    %cmpi/e 0, 0, 32;
    %jmp/0xz  T_1.0, 4;
    %pushi/vec4 1, 0, 1;
    %store/vec4 v0x7f83867b1ec0_0, 0, 1;
    %pushi/vec4 0, 0, 1;
    %store/vec4 v0x7f83867b1f50_0, 0, 1;
    %pushi/vec4 0, 0, 1;
    %store/vec4 v0x7f83867b1df0_0, 0, 1;
    %jmp T_1.1;
T_1.0 ;
    %load/vec4 v0x7f83867b2020_0;
    %load/vec4 v0x7f83867b1d40_0;
    %cmp/e;
    %flag_mov 8, 4;
    %load/vec4 v0x7f83867b20d0_0;
    %load/vec4 v0x7f83867b1d40_0;
    %cmp/e;
    %flag_or 4, 8;
    %jmp/0xz  T_1.2, 4;
    %pushi/vec4 0, 0, 1;
    %store/vec4 v0x7f83867b1ec0_0, 0, 1;
    %pushi/vec4 1, 0, 1;
    %store/vec4 v0x7f83867b1f50_0, 0, 1;
    %pushi/vec4 1, 0, 1;
    %store/vec4 v0x7f83867b1df0_0, 0, 1;
    %jmp T_1.3;
T_1.2 ;
    %pushi/vec4 1, 0, 1;
    %store/vec4 v0x7f83867b1ec0_0, 0, 1;
    %pushi/vec4 0, 0, 1;
    %store/vec4 v0x7f83867b1f50_0, 0, 1;
    %pushi/vec4 0, 0, 1;
    %store/vec4 v0x7f83867b1df0_0, 0, 1;
T_1.3 ;
T_1.1 ;
    %jmp T_1;
    .thread T_1, $push;
    .scope S_0x7f83867b4c40;
T_2 ;
    %wait E_0x7f83867ab650;
    %load/vec4 v0x7f83867b5340_0;
    %load/vec4 v0x7f83867b4f00_0;
    %pad/u 32;
    %pushi/vec4 0, 0, 32;
    %cmp/ne;
    %flag_get/vec4 4;
    %and;
    %flag_set/vec4 8;
    %jmp/0xz  T_2.0, 8;
    %load/vec4 v0x7f83867b4fd0_0;
    %load/vec4 v0x7f83867b4f00_0;
    %pad/u 7;
    %ix/vec4 3;
    %ix/load 4, 0, 0; Constant delay
    %assign/vec4/a/d v0x7f83867b5cb0, 0, 4;
T_2.0 ;
    %jmp T_2;
    .thread T_2;
    .scope S_0x7f83867aec50;
T_3 ;
    %wait E_0x7f83867ab620;
    %jmp T_3;
    .thread T_3, $push;
    .scope S_0x7f83867a9af0;
T_4 ;
    %wait E_0x7f83867a9d20;
    %load/vec4 v0x7f83867a9e40_0;
    %dup/vec4;
    %pushi/vec4 0, 0, 2;
    %cmp/u;
    %jmp/1 T_4.0, 6;
    %dup/vec4;
    %pushi/vec4 1, 0, 2;
    %cmp/u;
    %jmp/1 T_4.1, 6;
    %dup/vec4;
    %pushi/vec4 2, 0, 2;
    %cmp/u;
    %jmp/1 T_4.2, 6;
    %jmp T_4.3;
T_4.0 ;
    %load/vec4 v0x7f83867a9ee0_0;
    %cmpi/e 5, 0, 3;
    %flag_mov 8, 4;
    %jmp/0 T_4.4, 8;
    %pushi/vec4 6, 0, 3;
    %jmp/1 T_4.5, 8;
T_4.4 ; End of true expr.
    %pushi/vec4 0, 0, 3;
    %jmp/0 T_4.5, 8;
 ; End of false expr.
    %blend;
T_4.5;
    %store/vec4 v0x7f83867a9d70_0, 0, 3;
    %jmp T_4.3;
T_4.1 ;
    %pushi/vec4 1, 0, 3;
    %store/vec4 v0x7f83867a9d70_0, 0, 3;
    %jmp T_4.3;
T_4.2 ;
    %load/vec4 v0x7f83867a9fa0_0;
    %dup/vec4;
    %pushi/vec4 32, 0, 7;
    %cmp/u;
    %jmp/1 T_4.6, 6;
    %dup/vec4;
    %pushi/vec4 1, 0, 7;
    %cmp/u;
    %jmp/1 T_4.7, 6;
    %dup/vec4;
    %pushi/vec4 0, 0, 7;
    %cmp/u;
    %jmp/1 T_4.8, 6;
    %jmp T_4.9;
T_4.6 ;
    %pushi/vec4 1, 0, 3;
    %store/vec4 v0x7f83867a9d70_0, 0, 3;
    %jmp T_4.9;
T_4.7 ;
    %pushi/vec4 2, 0, 3;
    %store/vec4 v0x7f83867a9d70_0, 0, 3;
    %jmp T_4.9;
T_4.8 ;
    %load/vec4 v0x7f83867a9ee0_0;
    %cmpi/e 7, 0, 3;
    %flag_mov 8, 4;
    %jmp/0 T_4.10, 8;
    %pushi/vec4 3, 0, 3;
    %jmp/1 T_4.11, 8;
T_4.10 ; End of true expr.
    %load/vec4 v0x7f83867a9ee0_0;
    %cmpi/e 4, 0, 3;
    %flag_mov 9, 4;
    %jmp/0 T_4.12, 9;
    %pushi/vec4 4, 0, 3;
    %jmp/1 T_4.13, 9;
T_4.12 ; End of true expr.
    %load/vec4 v0x7f83867a9ee0_0;
    %cmpi/e 1, 0, 3;
    %flag_mov 10, 4;
    %jmp/0 T_4.14, 10;
    %pushi/vec4 5, 0, 3;
    %jmp/1 T_4.15, 10;
T_4.14 ; End of true expr.
    %pushi/vec4 0, 0, 3;
    %jmp/0 T_4.15, 10;
 ; End of false expr.
    %blend;
T_4.15;
    %jmp/0 T_4.13, 9;
 ; End of false expr.
    %blend;
T_4.13;
    %jmp/0 T_4.11, 8;
 ; End of false expr.
    %blend;
T_4.11;
    %store/vec4 v0x7f83867a9d70_0, 0, 3;
    %jmp T_4.9;
T_4.9 ;
    %pop/vec4 1;
    %jmp T_4.3;
T_4.3 ;
    %pop/vec4 1;
    %jmp T_4;
    .thread T_4, $push;
    .scope S_0x7f8386771130;
T_5 ;
    %wait E_0x7f838679f460;
    %load/vec4 v0x7f83867a9870_0;
    %dup/vec4;
    %pushi/vec4 0, 0, 3;
    %cmp/u;
    %jmp/1 T_5.0, 6;
    %dup/vec4;
    %pushi/vec4 1, 0, 3;
    %cmp/u;
    %jmp/1 T_5.1, 6;
    %dup/vec4;
    %pushi/vec4 2, 0, 3;
    %cmp/u;
    %jmp/1 T_5.2, 6;
    %dup/vec4;
    %pushi/vec4 3, 0, 3;
    %cmp/u;
    %jmp/1 T_5.3, 6;
    %dup/vec4;
    %pushi/vec4 4, 0, 3;
    %cmp/u;
    %jmp/1 T_5.4, 6;
    %dup/vec4;
    %pushi/vec4 5, 0, 3;
    %cmp/u;
    %jmp/1 T_5.5, 6;
    %dup/vec4;
    %pushi/vec4 6, 0, 3;
    %cmp/u;
    %jmp/1 T_5.6, 6;
    %jmp T_5.7;
T_5.0 ;
    %load/vec4 v0x7f83867a99e0_0;
    %load/vec4 v0x7f83867a9920_0;
    %add;
    %store/vec4 v0x7f83867a3890_0, 0, 32;
    %jmp T_5.7;
T_5.1 ;
    %load/vec4 v0x7f83867a99e0_0;
    %load/vec4 v0x7f83867a9920_0;
    %sub;
    %store/vec4 v0x7f83867a3890_0, 0, 32;
    %jmp T_5.7;
T_5.2 ;
    %load/vec4 v0x7f83867a99e0_0;
    %load/vec4 v0x7f83867a9920_0;
    %mul;
    %store/vec4 v0x7f83867a3890_0, 0, 32;
    %jmp T_5.7;
T_5.3 ;
    %load/vec4 v0x7f83867a99e0_0;
    %load/vec4 v0x7f83867a9920_0;
    %and;
    %store/vec4 v0x7f83867a3890_0, 0, 32;
    %jmp T_5.7;
T_5.4 ;
    %load/vec4 v0x7f83867a99e0_0;
    %load/vec4 v0x7f83867a9920_0;
    %xor;
    %store/vec4 v0x7f83867a3890_0, 0, 32;
    %jmp T_5.7;
T_5.5 ;
    %load/vec4 v0x7f83867a99e0_0;
    %load/vec4 v0x7f83867a9920_0;
    %ix/vec4 4;
    %shiftl 4;
    %store/vec4 v0x7f83867a3890_0, 0, 32;
    %jmp T_5.7;
T_5.6 ;
    %load/vec4 v0x7f83867a99e0_0;
    %load/vec4 v0x7f83867a9920_0;
    %ix/vec4 4;
    %shiftr/s 4;
    %store/vec4 v0x7f83867a3890_0, 0, 32;
    %jmp T_5.7;
T_5.7 ;
    %pop/vec4 1;
    %jmp T_5;
    .thread T_5, $push;
    .scope S_0x7f83867ae100;
T_6 ;
    %wait E_0x7f83867ab650;
    %load/vec4 v0x7f83867ae3b0_0;
    %flag_set/vec4 8;
    %jmp/0xz  T_6.0, 8;
    %load/vec4 v0x7f83867ae9d0_0;
    %load/vec4 v0x7f83867ae810_0;
    %ix/load 4, 2, 0;
    %flag_set/imm 4, 0;
    %shiftr 4;
    %ix/vec4 3;
    %ix/load 4, 0, 0; Constant delay
    %assign/vec4/a/d v0x7f83867aeb20, 0, 4;
T_6.0 ;
    %jmp T_6;
    .thread T_6;
    .scope S_0x7f8386772b30;
T_7 ;
    %wait E_0x7f83867ab650;
    %load/vec4 v0x7f83867b8a90_0;
    %pad/u 32;
    %cmpi/e 0, 0, 32;
    %jmp/0xz  T_7.0, 4;
    %load/vec4 v0x7f83867ba5a0_0;
    %cmpi/ne 0, 0, 32;
    %jmp/0xz  T_7.2, 4;
    %load/vec4 v0x7f83867ba5a0_0;
    %assign/vec4 v0x7f83867b7fd0_0, 0;
    %load/vec4 v0x7f83867ba970_0;
    %assign/vec4 v0x7f83867b8070_0, 0;
T_7.2 ;
T_7.0 ;
    %jmp T_7;
    .thread T_7;
    .scope S_0x7f8386772b30;
T_8 ;
    %wait E_0x7f83867ab650;
    %vpi_call 3 88 "$display", "if_id_ir = %b opcode = %b rd = %d", v0x7f83867b7fd0_0, v0x7f83867ba720_0, v0x7f83867baa00_0 {0 0 0};
    %vpi_call 3 89 "$display", "rs1 = %d rs2 = %d rd = %d memread = %d pcWrite = %d stall = %d noop = %d", v0x7f83867baaa0_0, v0x7f83867bace0_0, v0x7f83867b7a90_0, v0x7f83867b7850_0, v0x7f83867b8930_0, v0x7f83867b8a90_0, v0x7f83867b8860_0 {0 0 0};
    %jmp T_8;
    .thread T_8;
    .scope S_0x7f8386772b30;
T_9 ;
    %wait E_0x7f83867ab650;
    %load/vec4 v0x7f83867baa00_0;
    %cmpi/ne 0, 0, 5;
    %jmp/0xz  T_9.0, 4;
    %load/vec4 v0x7f83867baa00_0;
    %assign/vec4 v0x7f83867b7a90_0, 0;
    %jmp T_9.1;
T_9.0 ;
    %pushi/vec4 0, 0, 5;
    %assign/vec4 v0x7f83867b7a90_0, 0;
T_9.1 ;
    %load/vec4 v0x7f83867baaa0_0;
    %cmpi/ne 0, 0, 5;
    %jmp/0xz  T_9.2, 4;
    %load/vec4 v0x7f83867baaa0_0;
    %assign/vec4 v0x7f83867b7b20_0, 0;
    %jmp T_9.3;
T_9.2 ;
    %pushi/vec4 0, 0, 5;
    %assign/vec4 v0x7f83867b7b20_0, 0;
T_9.3 ;
    %load/vec4 v0x7f83867bace0_0;
    %cmpi/ne 0, 0, 5;
    %jmp/0xz  T_9.4, 4;
    %load/vec4 v0x7f83867bace0_0;
    %assign/vec4 v0x7f83867b7c80_0, 0;
    %jmp T_9.5;
T_9.4 ;
    %pushi/vec4 0, 0, 5;
    %assign/vec4 v0x7f83867b7c80_0, 0;
T_9.5 ;
    %load/vec4 v0x7f83867bac50_0;
    %cmpi/ne 0, 0, 32;
    %jmp/0xz  T_9.6, 4;
    %load/vec4 v0x7f83867bac50_0;
    %assign/vec4 v0x7f83867b7bd0_0, 0;
    %jmp T_9.7;
T_9.6 ;
    %pushi/vec4 0, 0, 32;
    %assign/vec4 v0x7f83867b7bd0_0, 0;
T_9.7 ;
    %load/vec4 v0x7f83867bae80_0;
    %cmpi/ne 0, 0, 32;
    %jmp/0xz  T_9.8, 4;
    %load/vec4 v0x7f83867bae80_0;
    %assign/vec4 v0x7f83867b7d30_0, 0;
    %jmp T_9.9;
T_9.8 ;
    %pushi/vec4 0, 0, 32;
    %assign/vec4 v0x7f83867b7d30_0, 0;
T_9.9 ;
    %load/vec4 v0x7f83867ba4f0_0;
    %cmpi/ne 0, 0, 32;
    %jmp/0xz  T_9.10, 4;
    %load/vec4 v0x7f83867ba4f0_0;
    %assign/vec4 v0x7f83867b77c0_0, 0;
    %jmp T_9.11;
T_9.10 ;
    %pushi/vec4 0, 0, 32;
    %assign/vec4 v0x7f83867b77c0_0, 0;
T_9.11 ;
    %load/vec4 v0x7f83867b8070_0;
    %cmpi/ne 0, 0, 32;
    %jmp/0xz  T_9.12, 4;
    %load/vec4 v0x7f83867b8070_0;
    %assign/vec4 v0x7f83867b7a00_0, 0;
    %jmp T_9.13;
T_9.12 ;
    %pushi/vec4 0, 0, 32;
    %assign/vec4 v0x7f83867b7a00_0, 0;
T_9.13 ;
    %load/vec4 v0x7f83867ba380_0;
    %cmpi/ne 0, 0, 7;
    %jmp/0xz  T_9.14, 4;
    %load/vec4 v0x7f83867ba380_0;
    %assign/vec4 v0x7f83867b7f20_0, 0;
    %jmp T_9.15;
T_9.14 ;
    %pushi/vec4 0, 0, 7;
    %assign/vec4 v0x7f83867b7f20_0, 0;
T_9.15 ;
    %load/vec4 v0x7f83867ba2d0_0;
    %cmpi/ne 0, 0, 3;
    %jmp/0xz  T_9.16, 4;
    %load/vec4 v0x7f83867ba2d0_0;
    %assign/vec4 v0x7f83867b7e70_0, 0;
    %jmp T_9.17;
T_9.16 ;
    %pushi/vec4 0, 0, 3;
    %assign/vec4 v0x7f83867b7e70_0, 0;
T_9.17 ;
    %load/vec4 v0x7f83867b6d60_0;
    %cmpi/ne 0, 0, 2;
    %jmp/0xz  T_9.18, 4;
    %load/vec4 v0x7f83867b6d60_0;
    %assign/vec4 v0x7f83867b74d0_0, 0;
    %jmp T_9.19;
T_9.18 ;
    %pushi/vec4 0, 0, 2;
    %assign/vec4 v0x7f83867b74d0_0, 0;
T_9.19 ;
    %load/vec4 v0x7f83867b6e30_0;
    %flag_set/vec4 8;
    %jmp/0xz  T_9.20, 8;
    %load/vec4 v0x7f83867b6e30_0;
    %assign/vec4 v0x7f83867b7580_0, 0;
    %jmp T_9.21;
T_9.20 ;
    %pushi/vec4 0, 0, 1;
    %assign/vec4 v0x7f83867b7580_0, 0;
T_9.21 ;
    %load/vec4 v0x7f83867b8a00_0;
    %flag_set/vec4 8;
    %jmp/0xz  T_9.22, 8;
    %load/vec4 v0x7f83867b8a00_0;
    %assign/vec4 v0x7f83867b7de0_0, 0;
    %jmp T_9.23;
T_9.22 ;
    %pushi/vec4 0, 0, 1;
    %assign/vec4 v0x7f83867b7de0_0, 0;
T_9.23 ;
    %load/vec4 v0x7f83867b87b0_0;
    %flag_set/vec4 8;
    %jmp/0xz  T_9.24, 8;
    %load/vec4 v0x7f83867b87b0_0;
    %assign/vec4 v0x7f83867b7970_0, 0;
    %jmp T_9.25;
T_9.24 ;
    %pushi/vec4 0, 0, 1;
    %assign/vec4 v0x7f83867b7970_0, 0;
T_9.25 ;
    %load/vec4 v0x7f83867b8670_0;
    %flag_set/vec4 8;
    %jmp/0xz  T_9.26, 8;
    %load/vec4 v0x7f83867b8670_0;
    %assign/vec4 v0x7f83867b7850_0, 0;
    %jmp T_9.27;
T_9.26 ;
    %pushi/vec4 0, 0, 1;
    %assign/vec4 v0x7f83867b7850_0, 0;
T_9.27 ;
    %load/vec4 v0x7f83867b8700_0;
    %flag_set/vec4 8;
    %jmp/0xz  T_9.28, 8;
    %load/vec4 v0x7f83867b8700_0;
    %assign/vec4 v0x7f83867b78e0_0, 0;
    %jmp T_9.29;
T_9.28 ;
    %pushi/vec4 0, 0, 1;
    %assign/vec4 v0x7f83867b78e0_0, 0;
T_9.29 ;
    %load/vec4 v0x7f83867b6ec0_0;
    %flag_set/vec4 8;
    %jmp/0xz  T_9.30, 8;
    %load/vec4 v0x7f83867b6ec0_0;
    %assign/vec4 v0x7f83867b7730_0, 0;
    %jmp T_9.31;
T_9.30 ;
    %pushi/vec4 0, 0, 1;
    %assign/vec4 v0x7f83867b7730_0, 0;
T_9.31 ;
    %jmp T_9;
    .thread T_9;
    .scope S_0x7f8386772b30;
T_10 ;
    %wait E_0x7f83867ab650;
    %vpi_call 3 173 "$display", "rd = %d rs1 = %d rs2 = %d rs1data = %d rs2data = %d aluop = %d alusrc = %d regwr = %d memtoreg = %d memread = %d memwrite = %d\012", v0x7f83867b7a90_0, v0x7f83867b7b20_0, v0x7f83867b7c80_0, v0x7f83867b7bd0_0, v0x7f83867b7d30_0, v0x7f83867b74d0_0, v0x7f83867b7580_0, v0x7f83867b7de0_0, v0x7f83867b7970_0, v0x7f83867b7850_0, v0x7f83867b78e0_0 {0 0 0};
    %jmp T_10;
    .thread T_10;
    .scope S_0x7f8386772b30;
T_11 ;
    %wait E_0x7f83867ab650;
    %load/vec4 v0x7f83867b6c00_0;
    %cmpi/ne 0, 0, 32;
    %jmp/0xz  T_11.0, 4;
    %load/vec4 v0x7f83867b6c00_0;
    %assign/vec4 v0x7f83867b6f70_0, 0;
    %jmp T_11.1;
T_11.0 ;
    %pushi/vec4 0, 0, 32;
    %assign/vec4 v0x7f83867b6f70_0, 0;
T_11.1 ;
    %load/vec4 v0x7f83867b6b30_0;
    %cmpi/ne 0, 0, 32;
    %jmp/0xz  T_11.2, 4;
    %load/vec4 v0x7f83867b6b30_0;
    %assign/vec4 v0x7f83867b7420_0, 0;
    %jmp T_11.3;
T_11.2 ;
    %pushi/vec4 0, 0, 32;
    %assign/vec4 v0x7f83867b7420_0, 0;
T_11.3 ;
    %load/vec4 v0x7f83867b7a90_0;
    %cmpi/ne 0, 0, 5;
    %jmp/0xz  T_11.4, 4;
    %load/vec4 v0x7f83867b7a90_0;
    %assign/vec4 v0x7f83867b72e0_0, 0;
    %jmp T_11.5;
T_11.4 ;
    %pushi/vec4 0, 0, 5;
    %assign/vec4 v0x7f83867b72e0_0, 0;
T_11.5 ;
    %load/vec4 v0x7f83867b7de0_0;
    %flag_set/vec4 8;
    %jmp/0xz  T_11.6, 8;
    %load/vec4 v0x7f83867b7de0_0;
    %assign/vec4 v0x7f83867b7370_0, 0;
    %jmp T_11.7;
T_11.6 ;
    %pushi/vec4 0, 0, 1;
    %assign/vec4 v0x7f83867b7370_0, 0;
T_11.7 ;
    %load/vec4 v0x7f83867b7970_0;
    %flag_set/vec4 8;
    %jmp/0xz  T_11.8, 8;
    %load/vec4 v0x7f83867b7970_0;
    %assign/vec4 v0x7f83867b7250_0, 0;
    %jmp T_11.9;
T_11.8 ;
    %pushi/vec4 0, 0, 1;
    %assign/vec4 v0x7f83867b7250_0, 0;
T_11.9 ;
    %load/vec4 v0x7f83867b7850_0;
    %flag_set/vec4 8;
    %jmp/0xz  T_11.10, 8;
    %load/vec4 v0x7f83867b7850_0;
    %assign/vec4 v0x7f83867b7110_0, 0;
    %jmp T_11.11;
T_11.10 ;
    %pushi/vec4 0, 0, 1;
    %assign/vec4 v0x7f83867b7110_0, 0;
T_11.11 ;
    %load/vec4 v0x7f83867b78e0_0;
    %flag_set/vec4 8;
    %jmp/0xz  T_11.12, 8;
    %load/vec4 v0x7f83867b78e0_0;
    %assign/vec4 v0x7f83867b71c0_0, 0;
    %jmp T_11.13;
T_11.12 ;
    %pushi/vec4 0, 0, 1;
    %assign/vec4 v0x7f83867b71c0_0, 0;
T_11.13 ;
    %load/vec4 v0x7f83867b7730_0;
    %flag_set/vec4 8;
    %jmp/0xz  T_11.14, 8;
    %load/vec4 v0x7f83867b7730_0;
    %assign/vec4 v0x7f83867b7000_0, 0;
    %jmp T_11.15;
T_11.14 ;
    %pushi/vec4 0, 0, 1;
    %assign/vec4 v0x7f83867b7000_0, 0;
T_11.15 ;
    %jmp T_11;
    .thread T_11;
    .scope S_0x7f8386772b30;
T_12 ;
    %wait E_0x7f83867ab650;
    %load/vec4 v0x7f83867b85e0_0;
    %cmpi/ne 0, 0, 32;
    %jmp/0xz  T_12.0, 4;
    %load/vec4 v0x7f83867b85e0_0;
    %assign/vec4 v0x7f83867b8300_0, 0;
    %jmp T_12.1;
T_12.0 ;
    %pushi/vec4 0, 0, 32;
    %assign/vec4 v0x7f83867b8300_0, 0;
T_12.1 ;
    %load/vec4 v0x7f83867b6f70_0;
    %cmpi/ne 0, 0, 32;
    %jmp/0xz  T_12.2, 4;
    %load/vec4 v0x7f83867b6f70_0;
    %assign/vec4 v0x7f83867b7630_0, 0;
    %jmp T_12.3;
T_12.2 ;
    %pushi/vec4 0, 0, 32;
    %assign/vec4 v0x7f83867b7630_0, 0;
T_12.3 ;
    %load/vec4 v0x7f83867b72e0_0;
    %cmpi/ne 0, 0, 5;
    %jmp/0xz  T_12.4, 4;
    %load/vec4 v0x7f83867b72e0_0;
    %assign/vec4 v0x7f83867b8440_0, 0;
    %jmp T_12.5;
T_12.4 ;
    %pushi/vec4 0, 0, 5;
    %assign/vec4 v0x7f83867b8440_0, 0;
T_12.5 ;
    %load/vec4 v0x7f83867b7370_0;
    %flag_set/vec4 8;
    %jmp/0xz  T_12.6, 8;
    %load/vec4 v0x7f83867b7370_0;
    %assign/vec4 v0x7f83867b8510_0, 0;
    %jmp T_12.7;
T_12.6 ;
    %pushi/vec4 0, 0, 1;
    %assign/vec4 v0x7f83867b8510_0, 0;
T_12.7 ;
    %load/vec4 v0x7f83867b7250_0;
    %flag_set/vec4 8;
    %jmp/0xz  T_12.8, 8;
    %load/vec4 v0x7f83867b7250_0;
    %assign/vec4 v0x7f83867b8390_0, 0;
    %jmp T_12.9;
T_12.8 ;
    %pushi/vec4 0, 0, 1;
    %assign/vec4 v0x7f83867b8390_0, 0;
T_12.9 ;
    %jmp T_12;
    .thread T_12;
    .scope S_0x7f8386772b30;
T_13 ;
    %wait E_0x7f83867ab650;
    %jmp T_13;
    .thread T_13;
    .scope S_0x7f8386775990;
T_14 ;
    %delay 25, 0;
    %load/vec4 v0x7f83867bb190_0;
    %inv;
    %store/vec4 v0x7f83867bb190_0, 0, 1;
    %jmp T_14;
    .thread T_14;
    .scope S_0x7f8386775990;
T_15 ;
    %vpi_call 2 21 "$dumpfile", "CPU.vcd" {0 0 0};
    %vpi_call 2 22 "$dumpvars" {0 0 0};
    %pushi/vec4 0, 0, 32;
    %store/vec4 v0x7f83867bb3c0_0, 0, 32;
    %pushi/vec4 0, 0, 32;
    %store/vec4 v0x7f83867bb680_0, 0, 32;
    %pushi/vec4 0, 0, 32;
    %store/vec4 v0x7f83867bb450_0, 0, 32;
    %pushi/vec4 0, 0, 32;
    %store/vec4 v0x7f83867bb520_0, 0, 32;
T_15.0 ;
    %load/vec4 v0x7f83867bb520_0;
    %cmpi/s 256, 0, 32;
    %jmp/0xz T_15.1, 5;
    %pushi/vec4 0, 0, 32;
    %ix/getv/s 4, v0x7f83867bb520_0;
    %store/vec4a v0x7f83867b2870, 4, 0;
    %load/vec4 v0x7f83867bb520_0;
    %addi 1, 0, 32;
    %store/vec4 v0x7f83867bb520_0, 0, 32;
    %jmp T_15.0;
T_15.1 ;
    %pushi/vec4 0, 0, 32;
    %store/vec4 v0x7f83867bb520_0, 0, 32;
T_15.2 ;
    %load/vec4 v0x7f83867bb520_0;
    %cmpi/s 32, 0, 32;
    %jmp/0xz T_15.3, 5;
    %pushi/vec4 0, 0, 32;
    %ix/getv/s 4, v0x7f83867bb520_0;
    %store/vec4a v0x7f83867aeb20, 4, 0;
    %load/vec4 v0x7f83867bb520_0;
    %addi 1, 0, 32;
    %store/vec4 v0x7f83867bb520_0, 0, 32;
    %jmp T_15.2;
T_15.3 ;
    %pushi/vec4 5, 0, 32;
    %ix/load 4, 0, 0;
    %flag_set/imm 4, 0;
    %store/vec4a v0x7f83867aeb20, 4, 0;
    %pushi/vec4 0, 0, 32;
    %store/vec4 v0x7f83867bb520_0, 0, 32;
T_15.4 ;
    %load/vec4 v0x7f83867bb520_0;
    %cmpi/s 32, 0, 32;
    %jmp/0xz T_15.5, 5;
    %pushi/vec4 0, 0, 32;
    %ix/getv/s 4, v0x7f83867bb520_0;
    %store/vec4a v0x7f83867b5cb0, 4, 0;
    %load/vec4 v0x7f83867bb520_0;
    %addi 1, 0, 32;
    %store/vec4 v0x7f83867bb520_0, 0, 32;
    %jmp T_15.4;
T_15.5 ;
    %pushi/vec4 4, 0, 32;
    %assign/vec4 v0x7f83867b7fd0_0, 0;
    %pushi/vec4 0, 0, 32;
    %assign/vec4 v0x7f83867b8070_0, 0;
    %pushi/vec4 0, 0, 5;
    %assign/vec4 v0x7f83867b7a90_0, 0;
    %pushi/vec4 0, 0, 5;
    %assign/vec4 v0x7f83867b7b20_0, 0;
    %pushi/vec4 0, 0, 5;
    %assign/vec4 v0x7f83867b7c80_0, 0;
    %pushi/vec4 0, 0, 32;
    %assign/vec4 v0x7f83867b7bd0_0, 0;
    %pushi/vec4 0, 0, 32;
    %assign/vec4 v0x7f83867b7d30_0, 0;
    %pushi/vec4 0, 0, 32;
    %assign/vec4 v0x7f83867b77c0_0, 0;
    %pushi/vec4 0, 0, 32;
    %assign/vec4 v0x7f83867b7a00_0, 0;
    %pushi/vec4 0, 0, 7;
    %assign/vec4 v0x7f83867b7f20_0, 0;
    %pushi/vec4 0, 0, 3;
    %assign/vec4 v0x7f83867b7e70_0, 0;
    %pushi/vec4 0, 0, 2;
    %assign/vec4 v0x7f83867b74d0_0, 0;
    %pushi/vec4 0, 0, 1;
    %assign/vec4 v0x7f83867b7580_0, 0;
    %pushi/vec4 0, 0, 1;
    %assign/vec4 v0x7f83867b7de0_0, 0;
    %pushi/vec4 0, 0, 1;
    %assign/vec4 v0x7f83867b7970_0, 0;
    %pushi/vec4 0, 0, 1;
    %assign/vec4 v0x7f83867b7850_0, 0;
    %pushi/vec4 0, 0, 1;
    %assign/vec4 v0x7f83867b78e0_0, 0;
    %pushi/vec4 0, 0, 1;
    %assign/vec4 v0x7f83867b7730_0, 0;
    %pushi/vec4 0, 0, 32;
    %assign/vec4 v0x7f83867b6f70_0, 0;
    %pushi/vec4 0, 0, 32;
    %assign/vec4 v0x7f83867b7420_0, 0;
    %pushi/vec4 0, 0, 5;
    %assign/vec4 v0x7f83867b72e0_0, 0;
    %pushi/vec4 0, 0, 1;
    %assign/vec4 v0x7f83867b7370_0, 0;
    %pushi/vec4 0, 0, 1;
    %assign/vec4 v0x7f83867b7250_0, 0;
    %pushi/vec4 0, 0, 1;
    %assign/vec4 v0x7f83867b7110_0, 0;
    %pushi/vec4 0, 0, 1;
    %assign/vec4 v0x7f83867b71c0_0, 0;
    %pushi/vec4 0, 0, 1;
    %assign/vec4 v0x7f83867b7000_0, 0;
    %pushi/vec4 0, 0, 32;
    %assign/vec4 v0x7f83867b8300_0, 0;
    %pushi/vec4 0, 0, 32;
    %assign/vec4 v0x7f83867b7630_0, 0;
    %pushi/vec4 0, 0, 5;
    %assign/vec4 v0x7f83867b8440_0, 0;
    %pushi/vec4 0, 0, 1;
    %assign/vec4 v0x7f83867b8510_0, 0;
    %pushi/vec4 0, 0, 1;
    %assign/vec4 v0x7f83867b8390_0, 0;
    %vpi_call 2 86 "$readmemb", "testdata_2020/instruction_2.txt", v0x7f83867b2870 {0 0 0};
    %vpi_func 2 90 "$fopen" 32, "output.txt" {0 0 0};
    %pushi/vec4 1, 0, 32;
    %or;
    %store/vec4 v0x7f83867bb5d0_0, 0, 32;
    %pushi/vec4 1, 0, 1;
    %store/vec4 v0x7f83867bb190_0, 0, 1;
    %pushi/vec4 1, 0, 1;
    %store/vec4 v0x7f83867bb2a0_0, 0, 1;
    %pushi/vec4 0, 0, 1;
    %store/vec4 v0x7f83867bb330_0, 0, 1;
    %delay 12, 0;
    %pushi/vec4 0, 0, 1;
    %store/vec4 v0x7f83867bb2a0_0, 0, 1;
    %pushi/vec4 1, 0, 1;
    %store/vec4 v0x7f83867bb330_0, 0, 1;
    %end;
    .thread T_15;
    .scope S_0x7f8386775990;
T_16 ;
    %wait E_0x7f83867ab650;
    %load/vec4 v0x7f83867bb3c0_0;
    %cmpi/e 64, 0, 32;
    %jmp/0xz  T_16.0, 4;
    %vpi_call 2 105 "$finish" {0 0 0};
T_16.0 ;
    %load/vec4 v0x7f83867b1f50_0;
    %pad/u 32;
    %pushi/vec4 1, 0, 32;
    %cmp/e;
    %flag_get/vec4 4;
    %load/vec4 v0x7f83867ab1a0_0;
    %pad/u 32;
    %pushi/vec4 0, 0, 32;
    %cmp/e;
    %flag_get/vec4 4;
    %and;
    %flag_set/vec4 8;
    %jmp/0xz  T_16.2, 8;
    %load/vec4 v0x7f83867bb680_0;
    %addi 1, 0, 32;
    %store/vec4 v0x7f83867bb680_0, 0, 32;
T_16.2 ;
    %vpi_call 2 113 "$fdisplay", v0x7f83867bb5d0_0, "cycle = %d, Start = %0d, Stall = %0d, Flush = %0d\012PC = %d", v0x7f83867bb3c0_0, v0x7f83867bb330_0, v0x7f83867bb680_0, v0x7f83867bb450_0, v0x7f83867b2e20_0 {0 0 0};
    %vpi_call 2 117 "$fdisplay", v0x7f83867bb5d0_0, "Registers" {0 0 0};
    %vpi_call 2 118 "$fdisplay", v0x7f83867bb5d0_0, "x0 = %d, x8  = %d, x16 = %d, x24 = %d", &A<v0x7f83867b5cb0, 0>, &A<v0x7f83867b5cb0, 8>, &A<v0x7f83867b5cb0, 16>, &A<v0x7f83867b5cb0, 24> {0 0 0};
    %vpi_call 2 119 "$fdisplay", v0x7f83867bb5d0_0, "x1 = %d, x9  = %d, x17 = %d, x25 = %d", &A<v0x7f83867b5cb0, 1>, &A<v0x7f83867b5cb0, 9>, &A<v0x7f83867b5cb0, 17>, &A<v0x7f83867b5cb0, 25> {0 0 0};
    %vpi_call 2 120 "$fdisplay", v0x7f83867bb5d0_0, "x2 = %d, x10 = %d, x18 = %d, x26 = %d", &A<v0x7f83867b5cb0, 2>, &A<v0x7f83867b5cb0, 10>, &A<v0x7f83867b5cb0, 18>, &A<v0x7f83867b5cb0, 26> {0 0 0};
    %vpi_call 2 121 "$fdisplay", v0x7f83867bb5d0_0, "x3 = %d, x11 = %d, x19 = %d, x27 = %d", &A<v0x7f83867b5cb0, 3>, &A<v0x7f83867b5cb0, 11>, &A<v0x7f83867b5cb0, 19>, &A<v0x7f83867b5cb0, 27> {0 0 0};
    %vpi_call 2 122 "$fdisplay", v0x7f83867bb5d0_0, "x4 = %d, x12 = %d, x20 = %d, x28 = %d", &A<v0x7f83867b5cb0, 4>, &A<v0x7f83867b5cb0, 12>, &A<v0x7f83867b5cb0, 20>, &A<v0x7f83867b5cb0, 28> {0 0 0};
    %vpi_call 2 123 "$fdisplay", v0x7f83867bb5d0_0, "x5 = %d, x13 = %d, x21 = %d, x29 = %d", &A<v0x7f83867b5cb0, 5>, &A<v0x7f83867b5cb0, 13>, &A<v0x7f83867b5cb0, 21>, &A<v0x7f83867b5cb0, 29> {0 0 0};
    %vpi_call 2 124 "$fdisplay", v0x7f83867bb5d0_0, "x6 = %d, x14 = %d, x22 = %d, x30 = %d", &A<v0x7f83867b5cb0, 6>, &A<v0x7f83867b5cb0, 14>, &A<v0x7f83867b5cb0, 22>, &A<v0x7f83867b5cb0, 30> {0 0 0};
    %vpi_call 2 125 "$fdisplay", v0x7f83867bb5d0_0, "x7 = %d, x15 = %d, x23 = %d, x31 = %d", &A<v0x7f83867b5cb0, 7>, &A<v0x7f83867b5cb0, 15>, &A<v0x7f83867b5cb0, 23>, &A<v0x7f83867b5cb0, 31> {0 0 0};
    %vpi_call 2 129 "$fdisplay", v0x7f83867bb5d0_0, "Data Memory: 0x00 = %10d", &A<v0x7f83867aeb20, 0> {0 0 0};
    %vpi_call 2 130 "$fdisplay", v0x7f83867bb5d0_0, "Data Memory: 0x04 = %10d", &A<v0x7f83867aeb20, 1> {0 0 0};
    %vpi_call 2 131 "$fdisplay", v0x7f83867bb5d0_0, "Data Memory: 0x08 = %10d", &A<v0x7f83867aeb20, 2> {0 0 0};
    %vpi_call 2 132 "$fdisplay", v0x7f83867bb5d0_0, "Data Memory: 0x0C = %10d", &A<v0x7f83867aeb20, 3> {0 0 0};
    %vpi_call 2 133 "$fdisplay", v0x7f83867bb5d0_0, "Data Memory: 0x10 = %10d", &A<v0x7f83867aeb20, 4> {0 0 0};
    %vpi_call 2 134 "$fdisplay", v0x7f83867bb5d0_0, "Data Memory: 0x14 = %10d", &A<v0x7f83867aeb20, 5> {0 0 0};
    %vpi_call 2 135 "$fdisplay", v0x7f83867bb5d0_0, "Data Memory: 0x18 = %10d", &A<v0x7f83867aeb20, 6> {0 0 0};
    %vpi_call 2 136 "$fdisplay", v0x7f83867bb5d0_0, "Data Memory: 0x1C = %10d", &A<v0x7f83867aeb20, 7> {0 0 0};
    %vpi_call 2 138 "$fdisplay", v0x7f83867bb5d0_0, "\012" {0 0 0};
    %load/vec4 v0x7f83867bb3c0_0;
    %addi 1, 0, 32;
    %store/vec4 v0x7f83867bb3c0_0, 0, 32;
    %jmp T_16;
    .thread T_16;
# The file index is used to find the file name in the following table.
:file_names 17;
    "N/A";
    "<interactive>";
    "testbench.v";
    "CPU.v";
    "ALU.v";
    "ALU_Control.v";
    "MUX32.v";
    "Adder.v";
    "Control.v";
    "Data_Memory.v";
    "Forwarding_Unit.v";
    "Hazard_Detection.v";
    "Instruction_Memory.v";
    "PC.v";
    "MUX_Forwarding.v";
    "Registers.v";
    "Sign_Extend.v";
